2015-08-03 19:48:00,251 [FileSystemWatcher: files=#70 cl=java.net.URLClassLoader@5d2828c9] ERROR StackTrace  - Full Stack Trace:
groovy.lang.GroovyRuntimeException: Ambiguous method overloading for method grails.spring.BeanBuilder#registerBeans.
Cannot resolve which method to invoke for [null] due to overlapping prototypes between:
	[interface org.codehaus.groovy.grails.commons.spring.RuntimeSpringConfiguration]
	[interface org.springframework.beans.factory.support.BeanDefinitionRegistry]
	at groovy.lang.MetaClassImpl.chooseMostSpecificParams(MetaClassImpl.java:3201)
	at groovy.lang.MetaClassImpl.chooseMethodInternal(MetaClassImpl.java:3153)
	at groovy.lang.MetaClassImpl.chooseMethod(MetaClassImpl.java:3096)
	at groovy.lang.MetaClassImpl.getMethodWithCachingInternal(MetaClassImpl.java:1324)
	at groovy.lang.MetaClassImpl.createPogoCallSite(MetaClassImpl.java:3357)
	at groovy.lang.ExpandoMetaClass.createPogoCallSite(ExpandoMetaClass.java:1309)
	at org.codehaus.groovy.runtime.callsite.CallSiteArray.createPogoSite(CallSiteArray.java:147)
	at org.codehaus.groovy.runtime.callsite.CallSiteArray.createCallSite(CallSiteArray.java:161)
	at org.codehaus.groovy.runtime.callsite.CallSiteArray.defaultCall(CallSiteArray.java:45)
	at org.codehaus.groovy.runtime.callsite.AbstractCallSite.call(AbstractCallSite.java:108)
	at org.codehaus.groovy.runtime.callsite.AbstractCallSite.call(AbstractCallSite.java:116)
	at org.codehaus.groovy.grails.plugins.DomainClassGrailsPlugin$_closure3.doCall(DomainClassGrailsPlugin.groovy:154)
	at sun.reflect.NativeMethodAccessorImpl.invoke0(Native Method)
	at sun.reflect.NativeMethodAccessorImpl.invoke(NativeMethodAccessorImpl.java:62)
	at sun.reflect.DelegatingMethodAccessorImpl.invoke(DelegatingMethodAccessorImpl.java:43)
	at java.lang.reflect.Method.invoke(Method.java:483)
	at org.springsource.loaded.ri.ReflectiveInterceptor.jlrMethodInvoke(ReflectiveInterceptor.java:1276)
	at org.codehaus.groovy.reflection.CachedMethod.invoke(CachedMethod.java:90)
	at groovy.lang.MetaMethod.doMethodInvoke(MetaMethod.java:324)
	at groovy.lang.MetaClassImpl.invokeMethod(MetaClassImpl.java:1206)
	at groovy.lang.ExpandoMetaClass.invokeMethod(ExpandoMetaClass.java:1120)
	at groovy.lang.MetaClassImpl.invokeMethod(MetaClassImpl.java:1015)
	at groovy.lang.Closure.call(Closure.java:423)
	at org.codehaus.groovy.grails.plugins.DefaultGrailsPlugin.invokeOnChangeListener(DefaultGrailsPlugin.java:767)
	at org.codehaus.groovy.grails.plugins.DefaultGrailsPlugin.notifyOfEvent(DefaultGrailsPlugin.java:716)
	at org.codehaus.groovy.grails.plugins.DefaultGrailsPlugin.notifyOfEvent(DefaultGrailsPlugin.java:731)
	at org.codehaus.groovy.grails.plugins.AbstractGrailsPluginManager.informOfClassChange(AbstractGrailsPluginManager.java:408)
	at org.codehaus.groovy.grails.project.compiler.GrailsProjectWatcher$2.run(GrailsProjectWatcher.java:246)
	at org.codehaus.groovy.grails.project.compiler.GrailsProjectWatcher.firePendingClassChangeEvents(GrailsProjectWatcher.java:107)
	at org.codehaus.groovy.grails.cli.agent.GrailsPluginManagerReloadPlugin.reloadEvent(GrailsPluginManagerReloadPlugin.java:42)
	at org.springsource.loaded.TypeRegistry.fireReloadEvent(TypeRegistry.java:1794)
	at org.springsource.loaded.ReloadableType.loadNewVersion(ReloadableType.java:417)
	at org.springsource.loaded.TypeRegistry.loadNewVersion(TypeRegistry.java:845)
	at org.springsource.loaded.agent.ReloadableFileChangeListener.fileChanged(ReloadableFileChangeListener.java:51)
	at org.springsource.loaded.agent.Watcher.determineChangesSince(FileSystemWatcher.java:235)
	at org.springsource.loaded.agent.Watcher.run(FileSystemWatcher.java:219)
	at java.lang.Thread.run(Thread.java:745)
2015-08-03 19:48:00,254 [FileSystemWatcher: files=#70 cl=java.net.URLClassLoader@5d2828c9] ERROR StackTrace  - Full Stack Trace:
groovy.lang.GroovyRuntimeException: Ambiguous method overloading for method grails.spring.BeanBuilder#registerBeans.
Cannot resolve which method to invoke for [null] due to overlapping prototypes between:
	[interface org.codehaus.groovy.grails.commons.spring.RuntimeSpringConfiguration]
	[interface org.springframework.beans.factory.support.BeanDefinitionRegistry]
	at java.lang.Thread.run(Thread.java:745)
2015-08-03 19:48:00,255 [FileSystemWatcher: files=#70 cl=java.net.URLClassLoader@5d2828c9] ERROR StackTrace  - Full Stack Trace:
groovy.lang.GroovyRuntimeException: Ambiguous method overloading for method grails.spring.BeanBuilder#registerBeans.
Cannot resolve which method to invoke for [null] due to overlapping prototypes between:
	[interface org.codehaus.groovy.grails.commons.spring.RuntimeSpringConfiguration]
	[interface org.springframework.beans.factory.support.BeanDefinitionRegistry]
	at java.lang.Thread.run(Thread.java:745)
2015-08-03 19:48:00,255 [FileSystemWatcher: files=#70 cl=java.net.URLClassLoader@5d2828c9] ERROR StackTrace  - Full Stack Trace:
groovy.lang.GroovyRuntimeException: Ambiguous method overloading for method grails.spring.BeanBuilder#registerBeans.
Cannot resolve which method to invoke for [null] due to overlapping prototypes between:
	[interface org.codehaus.groovy.grails.commons.spring.RuntimeSpringConfiguration]
	[interface org.springframework.beans.factory.support.BeanDefinitionRegistry]
	at java.lang.Thread.run(Thread.java:745)
2015-08-03 19:58:04,091 [FileSystemWatcher: files=#72 cl=java.net.URLClassLoader@5d2828c9] ERROR StackTrace  - Full Stack Trace:
groovy.lang.GroovyRuntimeException: Ambiguous method overloading for method grails.spring.BeanBuilder#registerBeans.
Cannot resolve which method to invoke for [null] due to overlapping prototypes between:
	[interface org.codehaus.groovy.grails.commons.spring.RuntimeSpringConfiguration]
	[interface org.springframework.beans.factory.support.BeanDefinitionRegistry]
	at groovy.lang.MetaClassImpl.chooseMostSpecificParams(MetaClassImpl.java:3201)
	at groovy.lang.MetaClassImpl.chooseMethodInternal(MetaClassImpl.java:3153)
	at groovy.lang.MetaClassImpl.chooseMethod(MetaClassImpl.java:3096)
	at groovy.lang.MetaClassImpl.getMethodWithCachingInternal(MetaClassImpl.java:1324)
	at groovy.lang.MetaClassImpl.createPogoCallSite(MetaClassImpl.java:3357)
	at groovy.lang.ExpandoMetaClass.createPogoCallSite(ExpandoMetaClass.java:1309)
	at org.codehaus.groovy.runtime.callsite.CallSiteArray.createPogoSite(CallSiteArray.java:147)
	at org.codehaus.groovy.runtime.callsite.CallSiteArray.createCallSite(CallSiteArray.java:161)
	at org.codehaus.groovy.runtime.callsite.CallSiteArray.defaultCall(CallSiteArray.java:45)
	at org.codehaus.groovy.runtime.callsite.AbstractCallSite.call(AbstractCallSite.java:108)
	at org.codehaus.groovy.runtime.callsite.AbstractCallSite.call(AbstractCallSite.java:116)
	at org.codehaus.groovy.grails.plugins.DomainClassGrailsPlugin$_closure3.doCall(DomainClassGrailsPlugin.groovy:154)
	at sun.reflect.NativeMethodAccessorImpl.invoke0(Native Method)
	at sun.reflect.NativeMethodAccessorImpl.invoke(NativeMethodAccessorImpl.java:62)
	at sun.reflect.DelegatingMethodAccessorImpl.invoke(DelegatingMethodAccessorImpl.java:43)
	at java.lang.reflect.Method.invoke(Method.java:483)
	at org.springsource.loaded.ri.ReflectiveInterceptor.jlrMethodInvoke(ReflectiveInterceptor.java:1276)
	at org.codehaus.groovy.reflection.CachedMethod.invoke(CachedMethod.java:90)
	at groovy.lang.MetaMethod.doMethodInvoke(MetaMethod.java:324)
	at groovy.lang.MetaClassImpl.invokeMethod(MetaClassImpl.java:1206)
	at groovy.lang.ExpandoMetaClass.invokeMethod(ExpandoMetaClass.java:1120)
	at groovy.lang.MetaClassImpl.invokeMethod(MetaClassImpl.java:1015)
	at groovy.lang.Closure.call(Closure.java:423)
	at org.codehaus.groovy.grails.plugins.DefaultGrailsPlugin.invokeOnChangeListener(DefaultGrailsPlugin.java:767)
	at org.codehaus.groovy.grails.plugins.DefaultGrailsPlugin.notifyOfEvent(DefaultGrailsPlugin.java:716)
	at org.codehaus.groovy.grails.plugins.DefaultGrailsPlugin.notifyOfEvent(DefaultGrailsPlugin.java:731)
	at org.codehaus.groovy.grails.plugins.AbstractGrailsPluginManager.informOfClassChange(AbstractGrailsPluginManager.java:408)
	at org.codehaus.groovy.grails.project.compiler.GrailsProjectWatcher$2.run(GrailsProjectWatcher.java:246)
	at org.codehaus.groovy.grails.project.compiler.GrailsProjectWatcher.firePendingClassChangeEvents(GrailsProjectWatcher.java:107)
	at org.codehaus.groovy.grails.cli.agent.GrailsPluginManagerReloadPlugin.reloadEvent(GrailsPluginManagerReloadPlugin.java:42)
	at org.springsource.loaded.TypeRegistry.fireReloadEvent(TypeRegistry.java:1794)
	at org.springsource.loaded.ReloadableType.loadNewVersion(ReloadableType.java:417)
	at org.springsource.loaded.TypeRegistry.loadNewVersion(TypeRegistry.java:845)
	at org.springsource.loaded.agent.ReloadableFileChangeListener.fileChanged(ReloadableFileChangeListener.java:51)
	at org.springsource.loaded.agent.Watcher.determineChangesSince(FileSystemWatcher.java:235)
	at org.springsource.loaded.agent.Watcher.run(FileSystemWatcher.java:219)
	at java.lang.Thread.run(Thread.java:745)
2015-08-03 19:58:04,092 [FileSystemWatcher: files=#72 cl=java.net.URLClassLoader@5d2828c9] ERROR StackTrace  - Full Stack Trace:
groovy.lang.GroovyRuntimeException: Ambiguous method overloading for method grails.spring.BeanBuilder#registerBeans.
Cannot resolve which method to invoke for [null] due to overlapping prototypes between:
	[interface org.codehaus.groovy.grails.commons.spring.RuntimeSpringConfiguration]
	[interface org.springframework.beans.factory.support.BeanDefinitionRegistry]
	at java.lang.Thread.run(Thread.java:745)
2015-08-03 19:58:04,092 [FileSystemWatcher: files=#72 cl=java.net.URLClassLoader@5d2828c9] ERROR StackTrace  - Full Stack Trace:
groovy.lang.GroovyRuntimeException: Ambiguous method overloading for method grails.spring.BeanBuilder#registerBeans.
Cannot resolve which method to invoke for [null] due to overlapping prototypes between:
	[interface org.codehaus.groovy.grails.commons.spring.RuntimeSpringConfiguration]
	[interface org.springframework.beans.factory.support.BeanDefinitionRegistry]
	at java.lang.Thread.run(Thread.java:745)
2015-08-03 19:58:04,092 [FileSystemWatcher: files=#72 cl=java.net.URLClassLoader@5d2828c9] ERROR StackTrace  - Full Stack Trace:
groovy.lang.GroovyRuntimeException: Ambiguous method overloading for method grails.spring.BeanBuilder#registerBeans.
Cannot resolve which method to invoke for [null] due to overlapping prototypes between:
	[interface org.codehaus.groovy.grails.commons.spring.RuntimeSpringConfiguration]
	[interface org.springframework.beans.factory.support.BeanDefinitionRegistry]
	at java.lang.Thread.run(Thread.java:745)
2015-08-03 20:05:33,153 [FileSystemWatcher: files=#74 cl=java.net.URLClassLoader@5d2828c9] ERROR StackTrace  - Full Stack Trace:
groovy.lang.GroovyRuntimeException: Ambiguous method overloading for method grails.spring.BeanBuilder#registerBeans.
Cannot resolve which method to invoke for [null] due to overlapping prototypes between:
	[interface org.codehaus.groovy.grails.commons.spring.RuntimeSpringConfiguration]
	[interface org.springframework.beans.factory.support.BeanDefinitionRegistry]
	at groovy.lang.MetaClassImpl.chooseMostSpecificParams(MetaClassImpl.java:3201)
	at groovy.lang.MetaClassImpl.chooseMethodInternal(MetaClassImpl.java:3153)
	at groovy.lang.MetaClassImpl.chooseMethod(MetaClassImpl.java:3096)
	at groovy.lang.MetaClassImpl.getMethodWithCachingInternal(MetaClassImpl.java:1324)
	at groovy.lang.MetaClassImpl.createPogoCallSite(MetaClassImpl.java:3357)
	at groovy.lang.ExpandoMetaClass.createPogoCallSite(ExpandoMetaClass.java:1309)
	at org.codehaus.groovy.runtime.callsite.CallSiteArray.createPogoSite(CallSiteArray.java:147)
	at org.codehaus.groovy.runtime.callsite.CallSiteArray.createCallSite(CallSiteArray.java:161)
	at org.codehaus.groovy.runtime.callsite.CallSiteArray.defaultCall(CallSiteArray.java:45)
	at org.codehaus.groovy.runtime.callsite.AbstractCallSite.call(AbstractCallSite.java:108)
	at org.codehaus.groovy.runtime.callsite.AbstractCallSite.call(AbstractCallSite.java:116)
	at org.codehaus.groovy.grails.plugins.DomainClassGrailsPlugin$_closure3.doCall(DomainClassGrailsPlugin.groovy:154)
	at sun.reflect.NativeMethodAccessorImpl.invoke0(Native Method)
	at sun.reflect.NativeMethodAccessorImpl.invoke(NativeMethodAccessorImpl.java:62)
	at sun.reflect.DelegatingMethodAccessorImpl.invoke(DelegatingMethodAccessorImpl.java:43)
	at java.lang.reflect.Method.invoke(Method.java:483)
	at org.springsource.loaded.ri.ReflectiveInterceptor.jlrMethodInvoke(ReflectiveInterceptor.java:1276)
	at org.codehaus.groovy.reflection.CachedMethod.invoke(CachedMethod.java:90)
	at groovy.lang.MetaMethod.doMethodInvoke(MetaMethod.java:324)
	at groovy.lang.MetaClassImpl.invokeMethod(MetaClassImpl.java:1206)
	at groovy.lang.ExpandoMetaClass.invokeMethod(ExpandoMetaClass.java:1120)
	at groovy.lang.MetaClassImpl.invokeMethod(MetaClassImpl.java:1015)
	at groovy.lang.Closure.call(Closure.java:423)
	at org.codehaus.groovy.grails.plugins.DefaultGrailsPlugin.invokeOnChangeListener(DefaultGrailsPlugin.java:767)
	at org.codehaus.groovy.grails.plugins.DefaultGrailsPlugin.notifyOfEvent(DefaultGrailsPlugin.java:716)
	at org.codehaus.groovy.grails.plugins.DefaultGrailsPlugin.notifyOfEvent(DefaultGrailsPlugin.java:731)
	at org.codehaus.groovy.grails.plugins.AbstractGrailsPluginManager.informOfClassChange(AbstractGrailsPluginManager.java:408)
	at org.codehaus.groovy.grails.project.compiler.GrailsProjectWatcher$2.run(GrailsProjectWatcher.java:246)
	at org.codehaus.groovy.grails.project.compiler.GrailsProjectWatcher.firePendingClassChangeEvents(GrailsProjectWatcher.java:107)
	at org.codehaus.groovy.grails.cli.agent.GrailsPluginManagerReloadPlugin.reloadEvent(GrailsPluginManagerReloadPlugin.java:42)
	at org.springsource.loaded.TypeRegistry.fireReloadEvent(TypeRegistry.java:1794)
	at org.springsource.loaded.ReloadableType.loadNewVersion(ReloadableType.java:417)
	at org.springsource.loaded.TypeRegistry.loadNewVersion(TypeRegistry.java:845)
	at org.springsource.loaded.agent.ReloadableFileChangeListener.fileChanged(ReloadableFileChangeListener.java:51)
	at org.springsource.loaded.agent.Watcher.determineChangesSince(FileSystemWatcher.java:235)
	at org.springsource.loaded.agent.Watcher.run(FileSystemWatcher.java:219)
	at java.lang.Thread.run(Thread.java:745)
2015-08-03 20:05:33,154 [FileSystemWatcher: files=#74 cl=java.net.URLClassLoader@5d2828c9] ERROR StackTrace  - Full Stack Trace:
groovy.lang.GroovyRuntimeException: Ambiguous method overloading for method grails.spring.BeanBuilder#registerBeans.
Cannot resolve which method to invoke for [null] due to overlapping prototypes between:
	[interface org.codehaus.groovy.grails.commons.spring.RuntimeSpringConfiguration]
	[interface org.springframework.beans.factory.support.BeanDefinitionRegistry]
	at java.lang.Thread.run(Thread.java:745)
2015-08-03 20:05:33,154 [FileSystemWatcher: files=#74 cl=java.net.URLClassLoader@5d2828c9] ERROR StackTrace  - Full Stack Trace:
groovy.lang.GroovyRuntimeException: Ambiguous method overloading for method grails.spring.BeanBuilder#registerBeans.
Cannot resolve which method to invoke for [null] due to overlapping prototypes between:
	[interface org.codehaus.groovy.grails.commons.spring.RuntimeSpringConfiguration]
	[interface org.springframework.beans.factory.support.BeanDefinitionRegistry]
	at java.lang.Thread.run(Thread.java:745)
2015-08-03 20:05:33,154 [FileSystemWatcher: files=#74 cl=java.net.URLClassLoader@5d2828c9] ERROR StackTrace  - Full Stack Trace:
groovy.lang.GroovyRuntimeException: Ambiguous method overloading for method grails.spring.BeanBuilder#registerBeans.
Cannot resolve which method to invoke for [null] due to overlapping prototypes between:
	[interface org.codehaus.groovy.grails.commons.spring.RuntimeSpringConfiguration]
	[interface org.springframework.beans.factory.support.BeanDefinitionRegistry]
	at java.lang.Thread.run(Thread.java:745)
2015-08-03 20:05:37,609 [FileSystemWatcher: files=#74 cl=java.net.URLClassLoader@5d2828c9] ERROR StackTrace  - Full Stack Trace:
groovy.lang.GroovyRuntimeException: Ambiguous method overloading for method grails.spring.BeanBuilder#registerBeans.
Cannot resolve which method to invoke for [null] due to overlapping prototypes between:
	[interface org.codehaus.groovy.grails.commons.spring.RuntimeSpringConfiguration]
	[interface org.springframework.beans.factory.support.BeanDefinitionRegistry]
	at groovy.lang.MetaClassImpl.chooseMostSpecificParams(MetaClassImpl.java:3201)
	at groovy.lang.MetaClassImpl.chooseMethodInternal(MetaClassImpl.java:3153)
	at groovy.lang.MetaClassImpl.chooseMethod(MetaClassImpl.java:3096)
	at groovy.lang.MetaClassImpl.getMethodWithCachingInternal(MetaClassImpl.java:1324)
	at groovy.lang.MetaClassImpl.createPogoCallSite(MetaClassImpl.java:3357)
	at groovy.lang.ExpandoMetaClass.createPogoCallSite(ExpandoMetaClass.java:1309)
	at org.codehaus.groovy.runtime.callsite.CallSiteArray.createPogoSite(CallSiteArray.java:147)
	at org.codehaus.groovy.runtime.callsite.CallSiteArray.createCallSite(CallSiteArray.java:161)
	at org.codehaus.groovy.runtime.callsite.CallSiteArray.defaultCall(CallSiteArray.java:45)
	at org.codehaus.groovy.runtime.callsite.AbstractCallSite.call(AbstractCallSite.java:108)
	at org.codehaus.groovy.runtime.callsite.AbstractCallSite.call(AbstractCallSite.java:116)
	at org.codehaus.groovy.grails.plugins.DomainClassGrailsPlugin$_closure3.doCall(DomainClassGrailsPlugin.groovy:154)
	at sun.reflect.NativeMethodAccessorImpl.invoke0(Native Method)
	at sun.reflect.NativeMethodAccessorImpl.invoke(NativeMethodAccessorImpl.java:62)
	at sun.reflect.DelegatingMethodAccessorImpl.invoke(DelegatingMethodAccessorImpl.java:43)
	at java.lang.reflect.Method.invoke(Method.java:483)
	at org.springsource.loaded.ri.ReflectiveInterceptor.jlrMethodInvoke(ReflectiveInterceptor.java:1276)
	at org.codehaus.groovy.reflection.CachedMethod.invoke(CachedMethod.java:90)
	at groovy.lang.MetaMethod.doMethodInvoke(MetaMethod.java:324)
	at groovy.lang.MetaClassImpl.invokeMethod(MetaClassImpl.java:1206)
	at groovy.lang.ExpandoMetaClass.invokeMethod(ExpandoMetaClass.java:1120)
	at groovy.lang.MetaClassImpl.invokeMethod(MetaClassImpl.java:1015)
	at groovy.lang.Closure.call(Closure.java:423)
	at org.codehaus.groovy.grails.plugins.DefaultGrailsPlugin.invokeOnChangeListener(DefaultGrailsPlugin.java:767)
	at org.codehaus.groovy.grails.plugins.DefaultGrailsPlugin.notifyOfEvent(DefaultGrailsPlugin.java:716)
	at org.codehaus.groovy.grails.plugins.DefaultGrailsPlugin.notifyOfEvent(DefaultGrailsPlugin.java:731)
	at org.codehaus.groovy.grails.plugins.AbstractGrailsPluginManager.informOfClassChange(AbstractGrailsPluginManager.java:408)
	at org.codehaus.groovy.grails.project.compiler.GrailsProjectWatcher$2.run(GrailsProjectWatcher.java:246)
	at org.codehaus.groovy.grails.project.compiler.GrailsProjectWatcher.firePendingClassChangeEvents(GrailsProjectWatcher.java:107)
	at org.codehaus.groovy.grails.cli.agent.GrailsPluginManagerReloadPlugin.reloadEvent(GrailsPluginManagerReloadPlugin.java:42)
	at org.springsource.loaded.TypeRegistry.fireReloadEvent(TypeRegistry.java:1794)
	at org.springsource.loaded.ReloadableType.loadNewVersion(ReloadableType.java:417)
	at org.springsource.loaded.TypeRegistry.loadNewVersion(TypeRegistry.java:845)
	at org.springsource.loaded.agent.ReloadableFileChangeListener.fileChanged(ReloadableFileChangeListener.java:51)
	at org.springsource.loaded.agent.Watcher.determineChangesSince(FileSystemWatcher.java:235)
	at org.springsource.loaded.agent.Watcher.run(FileSystemWatcher.java:219)
	at java.lang.Thread.run(Thread.java:745)
2015-08-03 20:05:37,609 [FileSystemWatcher: files=#74 cl=java.net.URLClassLoader@5d2828c9] ERROR StackTrace  - Full Stack Trace:
groovy.lang.GroovyRuntimeException: Ambiguous method overloading for method grails.spring.BeanBuilder#registerBeans.
Cannot resolve which method to invoke for [null] due to overlapping prototypes between:
	[interface org.codehaus.groovy.grails.commons.spring.RuntimeSpringConfiguration]
	[interface org.springframework.beans.factory.support.BeanDefinitionRegistry]
	at java.lang.Thread.run(Thread.java:745)
2015-08-03 20:05:37,610 [FileSystemWatcher: files=#74 cl=java.net.URLClassLoader@5d2828c9] ERROR StackTrace  - Full Stack Trace:
groovy.lang.GroovyRuntimeException: Ambiguous method overloading for method grails.spring.BeanBuilder#registerBeans.
Cannot resolve which method to invoke for [null] due to overlapping prototypes between:
	[interface org.codehaus.groovy.grails.commons.spring.RuntimeSpringConfiguration]
	[interface org.springframework.beans.factory.support.BeanDefinitionRegistry]
	at java.lang.Thread.run(Thread.java:745)
2015-08-03 20:05:37,610 [FileSystemWatcher: files=#74 cl=java.net.URLClassLoader@5d2828c9] ERROR StackTrace  - Full Stack Trace:
groovy.lang.GroovyRuntimeException: Ambiguous method overloading for method grails.spring.BeanBuilder#registerBeans.
Cannot resolve which method to invoke for [null] due to overlapping prototypes between:
	[interface org.codehaus.groovy.grails.commons.spring.RuntimeSpringConfiguration]
	[interface org.springframework.beans.factory.support.BeanDefinitionRegistry]
	at java.lang.Thread.run(Thread.java:745)
2015-08-03 20:05:40,976 [FileSystemWatcher: files=#74 cl=java.net.URLClassLoader@5d2828c9] ERROR StackTrace  - Full Stack Trace:
groovy.lang.GroovyRuntimeException: Ambiguous method overloading for method grails.spring.BeanBuilder#registerBeans.
Cannot resolve which method to invoke for [null] due to overlapping prototypes between:
	[interface org.codehaus.groovy.grails.commons.spring.RuntimeSpringConfiguration]
	[interface org.springframework.beans.factory.support.BeanDefinitionRegistry]
	at groovy.lang.MetaClassImpl.chooseMostSpecificParams(MetaClassImpl.java:3201)
	at groovy.lang.MetaClassImpl.chooseMethodInternal(MetaClassImpl.java:3153)
	at groovy.lang.MetaClassImpl.chooseMethod(MetaClassImpl.java:3096)
	at groovy.lang.MetaClassImpl.getMethodWithCachingInternal(MetaClassImpl.java:1324)
	at groovy.lang.MetaClassImpl.createPogoCallSite(MetaClassImpl.java:3357)
	at groovy.lang.ExpandoMetaClass.createPogoCallSite(ExpandoMetaClass.java:1309)
	at org.codehaus.groovy.runtime.callsite.CallSiteArray.createPogoSite(CallSiteArray.java:147)
	at org.codehaus.groovy.runtime.callsite.CallSiteArray.createCallSite(CallSiteArray.java:161)
	at org.codehaus.groovy.runtime.callsite.CallSiteArray.defaultCall(CallSiteArray.java:45)
	at org.codehaus.groovy.runtime.callsite.AbstractCallSite.call(AbstractCallSite.java:108)
	at org.codehaus.groovy.runtime.callsite.AbstractCallSite.call(AbstractCallSite.java:116)
	at org.codehaus.groovy.grails.plugins.DomainClassGrailsPlugin$_closure3.doCall(DomainClassGrailsPlugin.groovy:154)
	at sun.reflect.NativeMethodAccessorImpl.invoke0(Native Method)
	at sun.reflect.NativeMethodAccessorImpl.invoke(NativeMethodAccessorImpl.java:62)
	at sun.reflect.DelegatingMethodAccessorImpl.invoke(DelegatingMethodAccessorImpl.java:43)
	at java.lang.reflect.Method.invoke(Method.java:483)
	at org.springsource.loaded.ri.ReflectiveInterceptor.jlrMethodInvoke(ReflectiveInterceptor.java:1276)
	at org.codehaus.groovy.reflection.CachedMethod.invoke(CachedMethod.java:90)
	at groovy.lang.MetaMethod.doMethodInvoke(MetaMethod.java:324)
	at groovy.lang.MetaClassImpl.invokeMethod(MetaClassImpl.java:1206)
	at groovy.lang.ExpandoMetaClass.invokeMethod(ExpandoMetaClass.java:1120)
	at groovy.lang.MetaClassImpl.invokeMethod(MetaClassImpl.java:1015)
	at groovy.lang.Closure.call(Closure.java:423)
	at org.codehaus.groovy.grails.plugins.DefaultGrailsPlugin.invokeOnChangeListener(DefaultGrailsPlugin.java:767)
	at org.codehaus.groovy.grails.plugins.DefaultGrailsPlugin.notifyOfEvent(DefaultGrailsPlugin.java:716)
	at org.codehaus.groovy.grails.plugins.DefaultGrailsPlugin.notifyOfEvent(DefaultGrailsPlugin.java:731)
	at org.codehaus.groovy.grails.plugins.AbstractGrailsPluginManager.informOfClassChange(AbstractGrailsPluginManager.java:408)
	at org.codehaus.groovy.grails.project.compiler.GrailsProjectWatcher$2.run(GrailsProjectWatcher.java:246)
	at org.codehaus.groovy.grails.project.compiler.GrailsProjectWatcher.firePendingClassChangeEvents(GrailsProjectWatcher.java:107)
	at org.codehaus.groovy.grails.cli.agent.GrailsPluginManagerReloadPlugin.reloadEvent(GrailsPluginManagerReloadPlugin.java:42)
	at org.springsource.loaded.TypeRegistry.fireReloadEvent(TypeRegistry.java:1794)
	at org.springsource.loaded.ReloadableType.loadNewVersion(ReloadableType.java:417)
	at org.springsource.loaded.TypeRegistry.loadNewVersion(TypeRegistry.java:845)
	at org.springsource.loaded.agent.ReloadableFileChangeListener.fileChanged(ReloadableFileChangeListener.java:51)
	at org.springsource.loaded.agent.Watcher.determineChangesSince(FileSystemWatcher.java:235)
	at org.springsource.loaded.agent.Watcher.run(FileSystemWatcher.java:219)
	at java.lang.Thread.run(Thread.java:745)
2015-08-03 20:05:40,977 [FileSystemWatcher: files=#74 cl=java.net.URLClassLoader@5d2828c9] ERROR StackTrace  - Full Stack Trace:
groovy.lang.GroovyRuntimeException: Ambiguous method overloading for method grails.spring.BeanBuilder#registerBeans.
Cannot resolve which method to invoke for [null] due to overlapping prototypes between:
	[interface org.codehaus.groovy.grails.commons.spring.RuntimeSpringConfiguration]
	[interface org.springframework.beans.factory.support.BeanDefinitionRegistry]
	at java.lang.Thread.run(Thread.java:745)
2015-08-03 20:05:40,977 [FileSystemWatcher: files=#74 cl=java.net.URLClassLoader@5d2828c9] ERROR StackTrace  - Full Stack Trace:
groovy.lang.GroovyRuntimeException: Ambiguous method overloading for method grails.spring.BeanBuilder#registerBeans.
Cannot resolve which method to invoke for [null] due to overlapping prototypes between:
	[interface org.codehaus.groovy.grails.commons.spring.RuntimeSpringConfiguration]
	[interface org.springframework.beans.factory.support.BeanDefinitionRegistry]
	at java.lang.Thread.run(Thread.java:745)
2015-08-03 20:05:40,977 [FileSystemWatcher: files=#74 cl=java.net.URLClassLoader@5d2828c9] ERROR StackTrace  - Full Stack Trace:
groovy.lang.GroovyRuntimeException: Ambiguous method overloading for method grails.spring.BeanBuilder#registerBeans.
Cannot resolve which method to invoke for [null] due to overlapping prototypes between:
	[interface org.codehaus.groovy.grails.commons.spring.RuntimeSpringConfiguration]
	[interface org.springframework.beans.factory.support.BeanDefinitionRegistry]
	at java.lang.Thread.run(Thread.java:745)
2015-08-03 20:06:39,600 [FileSystemWatcher: files=#76 cl=java.net.URLClassLoader@5d2828c9] ERROR StackTrace  - Full Stack Trace:
groovy.lang.GroovyRuntimeException: Ambiguous method overloading for method grails.spring.BeanBuilder#registerBeans.
Cannot resolve which method to invoke for [null] due to overlapping prototypes between:
	[interface org.codehaus.groovy.grails.commons.spring.RuntimeSpringConfiguration]
	[interface org.springframework.beans.factory.support.BeanDefinitionRegistry]
	at groovy.lang.MetaClassImpl.chooseMostSpecificParams(MetaClassImpl.java:3201)
	at groovy.lang.MetaClassImpl.chooseMethodInternal(MetaClassImpl.java:3153)
	at groovy.lang.MetaClassImpl.chooseMethod(MetaClassImpl.java:3096)
	at groovy.lang.MetaClassImpl.getMethodWithCachingInternal(MetaClassImpl.java:1324)
	at groovy.lang.MetaClassImpl.createPogoCallSite(MetaClassImpl.java:3357)
	at groovy.lang.ExpandoMetaClass.createPogoCallSite(ExpandoMetaClass.java:1309)
	at org.codehaus.groovy.runtime.callsite.CallSiteArray.createPogoSite(CallSiteArray.java:147)
	at org.codehaus.groovy.runtime.callsite.CallSiteArray.createCallSite(CallSiteArray.java:161)
	at org.codehaus.groovy.runtime.callsite.CallSiteArray.defaultCall(CallSiteArray.java:45)
	at org.codehaus.groovy.runtime.callsite.AbstractCallSite.call(AbstractCallSite.java:108)
	at org.codehaus.groovy.runtime.callsite.AbstractCallSite.call(AbstractCallSite.java:116)
	at org.codehaus.groovy.grails.plugins.DomainClassGrailsPlugin$_closure3.doCall(DomainClassGrailsPlugin.groovy:154)
	at sun.reflect.GeneratedMethodAccessor272.invoke(Unknown Source)
	at sun.reflect.DelegatingMethodAccessorImpl.invoke(DelegatingMethodAccessorImpl.java:43)
	at java.lang.reflect.Method.invoke(Method.java:483)
	at org.springsource.loaded.ri.ReflectiveInterceptor.jlrMethodInvoke(ReflectiveInterceptor.java:1276)
	at org.codehaus.groovy.reflection.CachedMethod.invoke(CachedMethod.java:90)
	at groovy.lang.MetaMethod.doMethodInvoke(MetaMethod.java:324)
	at groovy.lang.MetaClassImpl.invokeMethod(MetaClassImpl.java:1206)
	at groovy.lang.ExpandoMetaClass.invokeMethod(ExpandoMetaClass.java:1120)
	at groovy.lang.MetaClassImpl.invokeMethod(MetaClassImpl.java:1015)
	at groovy.lang.Closure.call(Closure.java:423)
	at org.codehaus.groovy.grails.plugins.DefaultGrailsPlugin.invokeOnChangeListener(DefaultGrailsPlugin.java:767)
	at org.codehaus.groovy.grails.plugins.DefaultGrailsPlugin.notifyOfEvent(DefaultGrailsPlugin.java:716)
	at org.codehaus.groovy.grails.plugins.DefaultGrailsPlugin.notifyOfEvent(DefaultGrailsPlugin.java:731)
	at org.codehaus.groovy.grails.plugins.AbstractGrailsPluginManager.informOfClassChange(AbstractGrailsPluginManager.java:408)
	at org.codehaus.groovy.grails.project.compiler.GrailsProjectWatcher$2.run(GrailsProjectWatcher.java:246)
	at org.codehaus.groovy.grails.project.compiler.GrailsProjectWatcher.firePendingClassChangeEvents(GrailsProjectWatcher.java:107)
	at org.codehaus.groovy.grails.cli.agent.GrailsPluginManagerReloadPlugin.reloadEvent(GrailsPluginManagerReloadPlugin.java:42)
	at org.springsource.loaded.TypeRegistry.fireReloadEvent(TypeRegistry.java:1794)
	at org.springsource.loaded.ReloadableType.loadNewVersion(ReloadableType.java:417)
	at org.springsource.loaded.TypeRegistry.loadNewVersion(TypeRegistry.java:845)
	at org.springsource.loaded.agent.ReloadableFileChangeListener.fileChanged(ReloadableFileChangeListener.java:51)
	at org.springsource.loaded.agent.Watcher.determineChangesSince(FileSystemWatcher.java:235)
	at org.springsource.loaded.agent.Watcher.run(FileSystemWatcher.java:219)
	at java.lang.Thread.run(Thread.java:745)
2015-08-03 20:06:39,604 [FileSystemWatcher: files=#76 cl=java.net.URLClassLoader@5d2828c9] ERROR StackTrace  - Full Stack Trace:
groovy.lang.GroovyRuntimeException: Ambiguous method overloading for method grails.spring.BeanBuilder#registerBeans.
Cannot resolve which method to invoke for [null] due to overlapping prototypes between:
	[interface org.codehaus.groovy.grails.commons.spring.RuntimeSpringConfiguration]
	[interface org.springframework.beans.factory.support.BeanDefinitionRegistry]
	at java.lang.Thread.run(Thread.java:745)
2015-08-03 20:06:39,604 [FileSystemWatcher: files=#76 cl=java.net.URLClassLoader@5d2828c9] ERROR StackTrace  - Full Stack Trace:
groovy.lang.GroovyRuntimeException: Ambiguous method overloading for method grails.spring.BeanBuilder#registerBeans.
Cannot resolve which method to invoke for [null] due to overlapping prototypes between:
	[interface org.codehaus.groovy.grails.commons.spring.RuntimeSpringConfiguration]
	[interface org.springframework.beans.factory.support.BeanDefinitionRegistry]
	at java.lang.Thread.run(Thread.java:745)
2015-08-03 20:06:39,604 [FileSystemWatcher: files=#76 cl=java.net.URLClassLoader@5d2828c9] ERROR StackTrace  - Full Stack Trace:
groovy.lang.GroovyRuntimeException: Ambiguous method overloading for method grails.spring.BeanBuilder#registerBeans.
Cannot resolve which method to invoke for [null] due to overlapping prototypes between:
	[interface org.codehaus.groovy.grails.commons.spring.RuntimeSpringConfiguration]
	[interface org.springframework.beans.factory.support.BeanDefinitionRegistry]
	at java.lang.Thread.run(Thread.java:745)
2015-08-03 20:08:21,231 [FileSystemWatcher: files=#78 cl=java.net.URLClassLoader@5d2828c9] ERROR StackTrace  - Full Stack Trace:
groovy.lang.GroovyRuntimeException: Ambiguous method overloading for method grails.spring.BeanBuilder#registerBeans.
Cannot resolve which method to invoke for [null] due to overlapping prototypes between:
	[interface org.codehaus.groovy.grails.commons.spring.RuntimeSpringConfiguration]
	[interface org.springframework.beans.factory.support.BeanDefinitionRegistry]
	at groovy.lang.MetaClassImpl.chooseMostSpecificParams(MetaClassImpl.java:3201)
	at groovy.lang.MetaClassImpl.chooseMethodInternal(MetaClassImpl.java:3153)
	at groovy.lang.MetaClassImpl.chooseMethod(MetaClassImpl.java:3096)
	at groovy.lang.MetaClassImpl.getMethodWithCachingInternal(MetaClassImpl.java:1324)
	at groovy.lang.MetaClassImpl.createPogoCallSite(MetaClassImpl.java:3357)
	at groovy.lang.ExpandoMetaClass.createPogoCallSite(ExpandoMetaClass.java:1309)
	at org.codehaus.groovy.runtime.callsite.CallSiteArray.createPogoSite(CallSiteArray.java:147)
	at org.codehaus.groovy.runtime.callsite.CallSiteArray.createCallSite(CallSiteArray.java:161)
	at org.codehaus.groovy.runtime.callsite.CallSiteArray.defaultCall(CallSiteArray.java:45)
	at org.codehaus.groovy.runtime.callsite.AbstractCallSite.call(AbstractCallSite.java:108)
	at org.codehaus.groovy.runtime.callsite.AbstractCallSite.call(AbstractCallSite.java:116)
	at org.codehaus.groovy.grails.plugins.DomainClassGrailsPlugin$_closure3.doCall(DomainClassGrailsPlugin.groovy:154)
	at sun.reflect.GeneratedMethodAccessor272.invoke(Unknown Source)
	at sun.reflect.DelegatingMethodAccessorImpl.invoke(DelegatingMethodAccessorImpl.java:43)
	at java.lang.reflect.Method.invoke(Method.java:483)
	at org.springsource.loaded.ri.ReflectiveInterceptor.jlrMethodInvoke(ReflectiveInterceptor.java:1276)
	at org.codehaus.groovy.reflection.CachedMethod.invoke(CachedMethod.java:90)
	at groovy.lang.MetaMethod.doMethodInvoke(MetaMethod.java:324)
	at groovy.lang.MetaClassImpl.invokeMethod(MetaClassImpl.java:1206)
	at groovy.lang.ExpandoMetaClass.invokeMethod(ExpandoMetaClass.java:1120)
	at groovy.lang.MetaClassImpl.invokeMethod(MetaClassImpl.java:1015)
	at groovy.lang.Closure.call(Closure.java:423)
	at org.codehaus.groovy.grails.plugins.DefaultGrailsPlugin.invokeOnChangeListener(DefaultGrailsPlugin.java:767)
	at org.codehaus.groovy.grails.plugins.DefaultGrailsPlugin.notifyOfEvent(DefaultGrailsPlugin.java:716)
	at org.codehaus.groovy.grails.plugins.DefaultGrailsPlugin.notifyOfEvent(DefaultGrailsPlugin.java:731)
	at org.codehaus.groovy.grails.plugins.AbstractGrailsPluginManager.informOfClassChange(AbstractGrailsPluginManager.java:408)
	at org.codehaus.groovy.grails.project.compiler.GrailsProjectWatcher$2.run(GrailsProjectWatcher.java:246)
	at org.codehaus.groovy.grails.project.compiler.GrailsProjectWatcher.firePendingClassChangeEvents(GrailsProjectWatcher.java:107)
	at org.codehaus.groovy.grails.cli.agent.GrailsPluginManagerReloadPlugin.reloadEvent(GrailsPluginManagerReloadPlugin.java:42)
	at org.springsource.loaded.TypeRegistry.fireReloadEvent(TypeRegistry.java:1794)
	at org.springsource.loaded.ReloadableType.loadNewVersion(ReloadableType.java:417)
	at org.springsource.loaded.TypeRegistry.loadNewVersion(TypeRegistry.java:845)
	at org.springsource.loaded.agent.ReloadableFileChangeListener.fileChanged(ReloadableFileChangeListener.java:51)
	at org.springsource.loaded.agent.Watcher.determineChangesSince(FileSystemWatcher.java:235)
	at org.springsource.loaded.agent.Watcher.run(FileSystemWatcher.java:219)
	at java.lang.Thread.run(Thread.java:745)
2015-08-03 20:08:21,274 [FileSystemWatcher: files=#78 cl=java.net.URLClassLoader@5d2828c9] ERROR StackTrace  - Full Stack Trace:
groovy.lang.GroovyRuntimeException: Ambiguous method overloading for method grails.spring.BeanBuilder#registerBeans.
Cannot resolve which method to invoke for [null] due to overlapping prototypes between:
	[interface org.codehaus.groovy.grails.commons.spring.RuntimeSpringConfiguration]
	[interface org.springframework.beans.factory.support.BeanDefinitionRegistry]
	at java.lang.Thread.run(Thread.java:745)
2015-08-03 20:08:21,274 [FileSystemWatcher: files=#78 cl=java.net.URLClassLoader@5d2828c9] ERROR StackTrace  - Full Stack Trace:
groovy.lang.GroovyRuntimeException: Ambiguous method overloading for method grails.spring.BeanBuilder#registerBeans.
Cannot resolve which method to invoke for [null] due to overlapping prototypes between:
	[interface org.codehaus.groovy.grails.commons.spring.RuntimeSpringConfiguration]
	[interface org.springframework.beans.factory.support.BeanDefinitionRegistry]
	at java.lang.Thread.run(Thread.java:745)
2015-08-03 20:08:21,276 [FileSystemWatcher: files=#78 cl=java.net.URLClassLoader@5d2828c9] ERROR StackTrace  - Full Stack Trace:
groovy.lang.GroovyRuntimeException: Ambiguous method overloading for method grails.spring.BeanBuilder#registerBeans.
Cannot resolve which method to invoke for [null] due to overlapping prototypes between:
	[interface org.codehaus.groovy.grails.commons.spring.RuntimeSpringConfiguration]
	[interface org.springframework.beans.factory.support.BeanDefinitionRegistry]
	at java.lang.Thread.run(Thread.java:745)
2015-08-03 20:08:22,448 [FileSystemWatcher: files=#78 cl=java.net.URLClassLoader@5d2828c9] ERROR StackTrace  - Full Stack Trace:
groovy.lang.GroovyRuntimeException: Ambiguous method overloading for method grails.spring.BeanBuilder#registerBeans.
Cannot resolve which method to invoke for [null] due to overlapping prototypes between:
	[interface org.codehaus.groovy.grails.commons.spring.RuntimeSpringConfiguration]
	[interface org.springframework.beans.factory.support.BeanDefinitionRegistry]
	at groovy.lang.MetaClassImpl.chooseMostSpecificParams(MetaClassImpl.java:3201)
	at groovy.lang.MetaClassImpl.chooseMethodInternal(MetaClassImpl.java:3153)
	at groovy.lang.MetaClassImpl.chooseMethod(MetaClassImpl.java:3096)
	at groovy.lang.MetaClassImpl.getMethodWithCachingInternal(MetaClassImpl.java:1324)
	at groovy.lang.MetaClassImpl.createPogoCallSite(MetaClassImpl.java:3357)
	at groovy.lang.ExpandoMetaClass.createPogoCallSite(ExpandoMetaClass.java:1309)
	at org.codehaus.groovy.runtime.callsite.CallSiteArray.createPogoSite(CallSiteArray.java:147)
	at org.codehaus.groovy.runtime.callsite.CallSiteArray.createCallSite(CallSiteArray.java:161)
	at org.codehaus.groovy.runtime.callsite.CallSiteArray.defaultCall(CallSiteArray.java:45)
	at org.codehaus.groovy.runtime.callsite.AbstractCallSite.call(AbstractCallSite.java:108)
	at org.codehaus.groovy.runtime.callsite.AbstractCallSite.call(AbstractCallSite.java:116)
	at org.codehaus.groovy.grails.plugins.DomainClassGrailsPlugin$_closure3.doCall(DomainClassGrailsPlugin.groovy:154)
	at sun.reflect.GeneratedMethodAccessor272.invoke(Unknown Source)
	at sun.reflect.DelegatingMethodAccessorImpl.invoke(DelegatingMethodAccessorImpl.java:43)
	at java.lang.reflect.Method.invoke(Method.java:483)
	at org.springsource.loaded.ri.ReflectiveInterceptor.jlrMethodInvoke(ReflectiveInterceptor.java:1276)
	at org.codehaus.groovy.reflection.CachedMethod.invoke(CachedMethod.java:90)
	at groovy.lang.MetaMethod.doMethodInvoke(MetaMethod.java:324)
	at groovy.lang.MetaClassImpl.invokeMethod(MetaClassImpl.java:1206)
	at groovy.lang.ExpandoMetaClass.invokeMethod(ExpandoMetaClass.java:1120)
	at groovy.lang.MetaClassImpl.invokeMethod(MetaClassImpl.java:1015)
	at groovy.lang.Closure.call(Closure.java:423)
	at org.codehaus.groovy.grails.plugins.DefaultGrailsPlugin.invokeOnChangeListener(DefaultGrailsPlugin.java:767)
	at org.codehaus.groovy.grails.plugins.DefaultGrailsPlugin.notifyOfEvent(DefaultGrailsPlugin.java:716)
	at org.codehaus.groovy.grails.plugins.DefaultGrailsPlugin.notifyOfEvent(DefaultGrailsPlugin.java:731)
	at org.codehaus.groovy.grails.plugins.AbstractGrailsPluginManager.informOfClassChange(AbstractGrailsPluginManager.java:408)
	at org.codehaus.groovy.grails.project.compiler.GrailsProjectWatcher$2.run(GrailsProjectWatcher.java:246)
	at org.codehaus.groovy.grails.project.compiler.GrailsProjectWatcher.firePendingClassChangeEvents(GrailsProjectWatcher.java:107)
	at org.codehaus.groovy.grails.cli.agent.GrailsPluginManagerReloadPlugin.reloadEvent(GrailsPluginManagerReloadPlugin.java:42)
	at org.springsource.loaded.TypeRegistry.fireReloadEvent(TypeRegistry.java:1794)
	at org.springsource.loaded.ReloadableType.loadNewVersion(ReloadableType.java:417)
	at org.springsource.loaded.TypeRegistry.loadNewVersion(TypeRegistry.java:845)
	at org.springsource.loaded.agent.ReloadableFileChangeListener.fileChanged(ReloadableFileChangeListener.java:51)
	at org.springsource.loaded.agent.Watcher.determineChangesSince(FileSystemWatcher.java:235)
	at org.springsource.loaded.agent.Watcher.run(FileSystemWatcher.java:219)
	at java.lang.Thread.run(Thread.java:745)
2015-08-03 20:08:22,448 [FileSystemWatcher: files=#78 cl=java.net.URLClassLoader@5d2828c9] ERROR StackTrace  - Full Stack Trace:
groovy.lang.GroovyRuntimeException: Ambiguous method overloading for method grails.spring.BeanBuilder#registerBeans.
Cannot resolve which method to invoke for [null] due to overlapping prototypes between:
	[interface org.codehaus.groovy.grails.commons.spring.RuntimeSpringConfiguration]
	[interface org.springframework.beans.factory.support.BeanDefinitionRegistry]
	at java.lang.Thread.run(Thread.java:745)
2015-08-03 20:08:22,448 [FileSystemWatcher: files=#78 cl=java.net.URLClassLoader@5d2828c9] ERROR StackTrace  - Full Stack Trace:
groovy.lang.GroovyRuntimeException: Ambiguous method overloading for method grails.spring.BeanBuilder#registerBeans.
Cannot resolve which method to invoke for [null] due to overlapping prototypes between:
	[interface org.codehaus.groovy.grails.commons.spring.RuntimeSpringConfiguration]
	[interface org.springframework.beans.factory.support.BeanDefinitionRegistry]
	at java.lang.Thread.run(Thread.java:745)
2015-08-03 20:08:22,449 [FileSystemWatcher: files=#78 cl=java.net.URLClassLoader@5d2828c9] ERROR StackTrace  - Full Stack Trace:
groovy.lang.GroovyRuntimeException: Ambiguous method overloading for method grails.spring.BeanBuilder#registerBeans.
Cannot resolve which method to invoke for [null] due to overlapping prototypes between:
	[interface org.codehaus.groovy.grails.commons.spring.RuntimeSpringConfiguration]
	[interface org.springframework.beans.factory.support.BeanDefinitionRegistry]
	at java.lang.Thread.run(Thread.java:745)
2015-08-03 20:09:18,480 [Thread-15] ERROR StackTrace  - Full Stack Trace:
groovy.lang.GroovyRuntimeException: Ambiguous method overloading for method grails.spring.BeanBuilder#registerBeans.
Cannot resolve which method to invoke for [null] due to overlapping prototypes between:
	[interface org.codehaus.groovy.grails.commons.spring.RuntimeSpringConfiguration]
	[interface org.springframework.beans.factory.support.BeanDefinitionRegistry]
	at groovy.lang.MetaClassImpl.chooseMostSpecificParams(MetaClassImpl.java:3201)
	at groovy.lang.MetaClassImpl.chooseMethodInternal(MetaClassImpl.java:3153)
	at groovy.lang.MetaClassImpl.chooseMethod(MetaClassImpl.java:3096)
	at groovy.lang.MetaClassImpl.getMethodWithCachingInternal(MetaClassImpl.java:1324)
	at groovy.lang.MetaClassImpl.createPogoCallSite(MetaClassImpl.java:3357)
	at groovy.lang.ExpandoMetaClass.createPogoCallSite(ExpandoMetaClass.java:1309)
	at org.codehaus.groovy.runtime.callsite.CallSiteArray.createPogoSite(CallSiteArray.java:147)
	at org.codehaus.groovy.runtime.callsite.CallSiteArray.createCallSite(CallSiteArray.java:161)
	at org.codehaus.groovy.runtime.callsite.CallSiteArray.defaultCall(CallSiteArray.java:45)
	at org.codehaus.groovy.runtime.callsite.AbstractCallSite.call(AbstractCallSite.java:108)
	at org.codehaus.groovy.runtime.callsite.AbstractCallSite.call(AbstractCallSite.java:116)
	at grails.plugin.hibernate4.HibernatePluginSupport$__clinit__closure2.doCall(HibernatePluginSupport.groovy:420)
	at sun.reflect.NativeMethodAccessorImpl.invoke0(Native Method)
	at sun.reflect.NativeMethodAccessorImpl.invoke(NativeMethodAccessorImpl.java:62)
	at sun.reflect.DelegatingMethodAccessorImpl.invoke(DelegatingMethodAccessorImpl.java:43)
	at java.lang.reflect.Method.invoke(Method.java:483)
	at org.springsource.loaded.ri.ReflectiveInterceptor.jlrMethodInvoke(ReflectiveInterceptor.java:1276)
	at org.codehaus.groovy.reflection.CachedMethod.invoke(CachedMethod.java:90)
	at groovy.lang.MetaMethod.doMethodInvoke(MetaMethod.java:324)
	at groovy.lang.MetaClassImpl.invokeMethod(MetaClassImpl.java:1206)
	at groovy.lang.ExpandoMetaClass.invokeMethod(ExpandoMetaClass.java:1120)
	at groovy.lang.MetaClassImpl.invokeMethod(MetaClassImpl.java:1015)
	at groovy.lang.Closure.call(Closure.java:423)
	at org.codehaus.groovy.grails.plugins.DefaultGrailsPlugin.invokeOnChangeListener(DefaultGrailsPlugin.java:767)
	at org.codehaus.groovy.grails.plugins.DefaultGrailsPlugin.notifyOfEvent(DefaultGrailsPlugin.java:716)
	at org.codehaus.groovy.grails.plugins.DefaultGrailsPluginManager.informObservers(DefaultGrailsPluginManager.java:242)
	at org.codehaus.groovy.grails.plugins.DefaultGrailsPlugin.notifyOfEvent(DefaultGrailsPlugin.java:732)
	at org.codehaus.groovy.grails.plugins.AbstractGrailsPluginManager.informOfClassChange(AbstractGrailsPluginManager.java:405)
	at org.codehaus.groovy.grails.plugins.AbstractGrailsPluginManager.informOfFileChange(AbstractGrailsPluginManager.java:366)
	at org.codehaus.groovy.grails.project.compiler.GrailsProjectWatcher.informPluginManager(GrailsProjectWatcher.java:226)
	at org.codehaus.groovy.grails.project.compiler.GrailsProjectWatcher.access$400(GrailsProjectWatcher.java:48)
	at org.codehaus.groovy.grails.project.compiler.GrailsProjectWatcher$1.onNew(GrailsProjectWatcher.java:152)
	at org.codehaus.groovy.grails.compiler.AbstractDirectoryWatcher.fireOnNew(AbstractDirectoryWatcher.java:76)
	at org.codehaus.groovy.grails.compiler.WatchServiceDirectoryWatcher.run(WatchServiceDirectoryWatcher.java:104)
	at org.codehaus.groovy.grails.compiler.DirectoryWatcher.run(DirectoryWatcher.java:154)
	at org.codehaus.groovy.grails.project.compiler.GrailsProjectWatcher.run(GrailsProjectWatcher.java:161)
2015-08-03 20:09:18,481 [Thread-15] ERROR StackTrace  - Full Stack Trace:
groovy.lang.GroovyRuntimeException: Ambiguous method overloading for method grails.spring.BeanBuilder#registerBeans.
Cannot resolve which method to invoke for [null] due to overlapping prototypes between:
	[interface org.codehaus.groovy.grails.commons.spring.RuntimeSpringConfiguration]
	[interface org.springframework.beans.factory.support.BeanDefinitionRegistry]
	at grails.plugin.hibernate4.HibernatePluginSupport$__clinit__closure2.doCall(HibernatePluginSupport.groovy:420)
2015-08-03 20:09:18,482 [Thread-15] ERROR StackTrace  - Full Stack Trace:
groovy.lang.GroovyRuntimeException: Ambiguous method overloading for method grails.spring.BeanBuilder#registerBeans.
Cannot resolve which method to invoke for [null] due to overlapping prototypes between:
	[interface org.codehaus.groovy.grails.commons.spring.RuntimeSpringConfiguration]
	[interface org.springframework.beans.factory.support.BeanDefinitionRegistry]
	at grails.plugin.hibernate4.HibernatePluginSupport$__clinit__closure2.doCall(HibernatePluginSupport.groovy:420)
2015-08-03 20:09:18,482 [Thread-15] ERROR StackTrace  - Full Stack Trace:
groovy.lang.GroovyRuntimeException: Ambiguous method overloading for method grails.spring.BeanBuilder#registerBeans.
Cannot resolve which method to invoke for [null] due to overlapping prototypes between:
	[interface org.codehaus.groovy.grails.commons.spring.RuntimeSpringConfiguration]
	[interface org.springframework.beans.factory.support.BeanDefinitionRegistry]
	at grails.plugin.hibernate4.HibernatePluginSupport$__clinit__closure2.doCall(HibernatePluginSupport.groovy:420)
2015-08-03 20:09:18,672 [Thread-12] ERROR StackTrace  - Full Stack Trace:
groovy.lang.MissingPropertyException: No such property: name for class: org.springframework.core.io.FileSystemResource
Possible solutions: file, path
	at org.codehaus.groovy.runtime.ScriptBytecodeAdapter.unwrap(ScriptBytecodeAdapter.java:51)
	at org.codehaus.groovy.grails.orm.hibernate.cfg.HibernateUtils$enhanceSessionFactories$0.call(Unknown Source)
	at org.codehaus.groovy.runtime.callsite.CallSiteArray.defaultCall(CallSiteArray.java:45)
	at org.codehaus.groovy.grails.orm.hibernate.cfg.HibernateUtils$enhanceSessionFactories$0.call(Unknown Source)
	at grails.plugin.hibernate4.HibernatePluginSupport$__clinit__closure2_closure13.doCall(HibernatePluginSupport.groovy:431)
	at grails.plugin.hibernate4.HibernatePluginSupport$__clinit__closure2_closure13.doCall(HibernatePluginSupport.groovy)
	at sun.reflect.GeneratedMethodAccessor279.invoke(Unknown Source)
	at sun.reflect.DelegatingMethodAccessorImpl.invoke(DelegatingMethodAccessorImpl.java:43)
	at java.lang.reflect.Method.invoke(Method.java:483)
	at org.springsource.loaded.ri.ReflectiveInterceptor.jlrMethodInvoke(ReflectiveInterceptor.java:1276)
	at org.codehaus.groovy.runtime.callsite.PogoMetaMethodSite$PogoCachedMethodSiteNoUnwrapNoCoerce.invoke(PogoMetaMethodSite.java:207)
	at org.codehaus.groovy.runtime.callsite.PogoMetaMethodSite.call(PogoMetaMethodSite.java:68)
	at org.codehaus.groovy.runtime.callsite.AbstractCallSite.call(AbstractCallSite.java:112)
	at grails.plugin.hibernate4.HibernatePluginSupport$__clinit__closure2.doCall(HibernatePluginSupport.groovy:452)
	at sun.reflect.GeneratedMethodAccessor273.invoke(Unknown Source)
	at sun.reflect.DelegatingMethodAccessorImpl.invoke(DelegatingMethodAccessorImpl.java:43)
	at java.lang.reflect.Method.invoke(Method.java:483)
	at org.springsource.loaded.ri.ReflectiveInterceptor.jlrMethodInvoke(ReflectiveInterceptor.java:1276)
	at org.codehaus.groovy.reflection.CachedMethod.invoke(CachedMethod.java:90)
	at groovy.lang.MetaMethod.doMethodInvoke(MetaMethod.java:324)
	at groovy.lang.MetaClassImpl.invokeMethod(MetaClassImpl.java:1206)
	at groovy.lang.ExpandoMetaClass.invokeMethod(ExpandoMetaClass.java:1120)
	at groovy.lang.MetaClassImpl.invokeMethod(MetaClassImpl.java:1015)
	at groovy.lang.Closure.call(Closure.java:423)
	at org.codehaus.groovy.grails.plugins.DefaultGrailsPlugin.invokeOnChangeListener(DefaultGrailsPlugin.java:767)
	at org.codehaus.groovy.grails.plugins.DefaultGrailsPlugin.notifyOfEvent(DefaultGrailsPlugin.java:716)
	at org.codehaus.groovy.grails.plugins.DefaultGrailsPluginManager.informObservers(DefaultGrailsPluginManager.java:242)
	at org.codehaus.groovy.grails.plugins.DefaultGrailsPlugin.notifyOfEvent(DefaultGrailsPlugin.java:732)
	at org.codehaus.groovy.grails.plugins.AbstractGrailsPluginManager.informOfClassChange(AbstractGrailsPluginManager.java:405)
	at org.codehaus.groovy.grails.plugins.AbstractGrailsPluginManager.informOfFileChange(AbstractGrailsPluginManager.java:366)
	at org.codehaus.groovy.grails.project.compiler.GrailsProjectWatcher.informPluginManager(GrailsProjectWatcher.java:226)
	at org.codehaus.groovy.grails.project.compiler.GrailsProjectWatcher.access$400(GrailsProjectWatcher.java:48)
	at org.codehaus.groovy.grails.project.compiler.GrailsProjectWatcher$1.onNew(GrailsProjectWatcher.java:152)
	at org.codehaus.groovy.grails.compiler.AbstractDirectoryWatcher.fireOnNew(AbstractDirectoryWatcher.java:76)
	at org.codehaus.groovy.grails.compiler.WatchServiceDirectoryWatcher.run(WatchServiceDirectoryWatcher.java:104)
	at org.codehaus.groovy.grails.compiler.DirectoryWatcher.run(DirectoryWatcher.java:154)
	at org.codehaus.groovy.grails.project.compiler.GrailsProjectWatcher.run(GrailsProjectWatcher.java:161)
	at java_lang_Runnable$run.call(Unknown Source)
	at org.codehaus.groovy.runtime.callsite.CallSiteArray.defaultCall(CallSiteArray.java:45)
	at org.codehaus.groovy.runtime.callsite.AbstractCallSite.call(AbstractCallSite.java:108)
	at org.codehaus.groovy.runtime.callsite.AbstractCallSite.call(AbstractCallSite.java:112)
	at org.codehaus.groovy.grails.cli.fork.ForkedGrailsProcess.startProjectWatcher(ForkedGrailsProcess.groovy:748)
	at sun.reflect.NativeMethodAccessorImpl.invoke0(Native Method)
	at sun.reflect.NativeMethodAccessorImpl.invoke(NativeMethodAccessorImpl.java:62)
	at sun.reflect.DelegatingMethodAccessorImpl.invoke(DelegatingMethodAccessorImpl.java:43)
	at java.lang.reflect.Method.invoke(Method.java:483)
	at org.springsource.loaded.ri.ReflectiveInterceptor.jlrMethodInvoke(ReflectiveInterceptor.java:1270)
	at org.codehaus.groovy.reflection.CachedMethod.invoke(CachedMethod.java:90)
	at groovy.lang.MetaMethod.doMethodInvoke(MetaMethod.java:324)
	at groovy.lang.MetaClassImpl.invokeMethod(MetaClassImpl.java:1206)
	at groovy.lang.MetaClassImpl.invokeMethod(MetaClassImpl.java:1015)
	at groovy.lang.MetaClassImpl.invokeMethod(MetaClassImpl.java:1151)
	at groovy.lang.ExpandoMetaClass.invokeMethod(ExpandoMetaClass.java:1120)
	at groovy.lang.MetaClassImpl.invokeMethod(MetaClassImpl.java:1015)
	at org.codehaus.groovy.runtime.callsite.PogoMetaClassSite.callCurrent(PogoMetaClassSite.java:66)
	at org.codehaus.groovy.runtime.callsite.CallSiteArray.defaultCallCurrent(CallSiteArray.java:49)
	at org.codehaus.groovy.runtime.callsite.AbstractCallSite.callCurrent(AbstractCallSite.java:133)
	at org.codehaus.groovy.runtime.callsite.AbstractCallSite.callCurrent(AbstractCallSite.java:145)
	at org.codehaus.groovy.grails.cli.fork.ForkedGrailsProcess$_setupReloading_closure17.doCall(ForkedGrailsProcess.groovy:737)
	at org.codehaus.groovy.grails.cli.fork.ForkedGrailsProcess$_setupReloading_closure17.doCall(ForkedGrailsProcess.groovy)
	at sun.reflect.NativeMethodAccessorImpl.invoke0(Native Method)
	at sun.reflect.NativeMethodAccessorImpl.invoke(NativeMethodAccessorImpl.java:62)
	at sun.reflect.DelegatingMethodAccessorImpl.invoke(DelegatingMethodAccessorImpl.java:43)
	at java.lang.reflect.Method.invoke(Method.java:483)
	at org.springsource.loaded.ri.ReflectiveInterceptor.jlrMethodInvoke(ReflectiveInterceptor.java:1270)
	at org.codehaus.groovy.reflection.CachedMethod.invoke(CachedMethod.java:90)
	at groovy.lang.MetaMethod.doMethodInvoke(MetaMethod.java:324)
	at groovy.lang.MetaClassImpl.invokeMethod(MetaClassImpl.java:1206)
	at groovy.lang.ExpandoMetaClass.invokeMethod(ExpandoMetaClass.java:1120)
	at groovy.lang.MetaClassImpl.invokeMethod(MetaClassImpl.java:1015)
	at groovy.lang.Closure.call(Closure.java:423)
	at groovy.lang.Closure.call(Closure.java:417)
	at groovy.lang.Closure.run(Closure.java:504)
	at java.lang.Thread.run(Thread.java:745)
2015-08-03 20:09:18,677 [Thread-12] ERROR StackTrace  - Full Stack Trace:
groovy.lang.MissingPropertyException: No such property: name for class: org.springframework.core.io.FileSystemResource
Possible solutions: file, path
	at grails.plugin.hibernate4.HibernatePluginSupport$__clinit__closure2_closure13.doCall(HibernatePluginSupport.groovy:431)
	at grails.plugin.hibernate4.HibernatePluginSupport$__clinit__closure2.doCall(HibernatePluginSupport.groovy:452)
	at java.lang.Thread.run(Thread.java:745)
2015-08-03 20:09:18,678 [Thread-12] ERROR StackTrace  - Full Stack Trace:
groovy.lang.MissingPropertyException: No such property: name for class: org.springframework.core.io.FileSystemResource
Possible solutions: file, path
	at grails.plugin.hibernate4.HibernatePluginSupport$__clinit__closure2_closure13.doCall(HibernatePluginSupport.groovy:431)
	at grails.plugin.hibernate4.HibernatePluginSupport$__clinit__closure2.doCall(HibernatePluginSupport.groovy:452)
	at java.lang.Thread.run(Thread.java:745)
2015-08-03 20:09:18,679 [Thread-12] ERROR StackTrace  - Full Stack Trace:
groovy.lang.MissingPropertyException: No such property: name for class: org.springframework.core.io.FileSystemResource
Possible solutions: file, path
	at grails.plugin.hibernate4.HibernatePluginSupport$__clinit__closure2_closure13.doCall(HibernatePluginSupport.groovy:431)
	at grails.plugin.hibernate4.HibernatePluginSupport$__clinit__closure2.doCall(HibernatePluginSupport.groovy:452)
	at java.lang.Thread.run(Thread.java:745)
2015-08-03 20:09:23,721 [Thread-15] ERROR StackTrace  - Full Stack Trace:
groovy.lang.GroovyRuntimeException: Ambiguous method overloading for method grails.spring.BeanBuilder#registerBeans.
Cannot resolve which method to invoke for [null] due to overlapping prototypes between:
	[interface org.codehaus.groovy.grails.commons.spring.RuntimeSpringConfiguration]
	[interface org.springframework.beans.factory.support.BeanDefinitionRegistry]
	at groovy.lang.MetaClassImpl.chooseMostSpecificParams(MetaClassImpl.java:3201)
	at groovy.lang.MetaClassImpl.chooseMethodInternal(MetaClassImpl.java:3153)
	at groovy.lang.MetaClassImpl.chooseMethod(MetaClassImpl.java:3096)
	at groovy.lang.MetaClassImpl.getMethodWithCachingInternal(MetaClassImpl.java:1324)
	at groovy.lang.MetaClassImpl.createPogoCallSite(MetaClassImpl.java:3357)
	at groovy.lang.ExpandoMetaClass.createPogoCallSite(ExpandoMetaClass.java:1309)
	at org.codehaus.groovy.runtime.callsite.CallSiteArray.createPogoSite(CallSiteArray.java:147)
	at org.codehaus.groovy.runtime.callsite.CallSiteArray.createCallSite(CallSiteArray.java:161)
	at org.codehaus.groovy.runtime.callsite.CallSiteArray.defaultCall(CallSiteArray.java:45)
	at org.codehaus.groovy.runtime.callsite.AbstractCallSite.call(AbstractCallSite.java:108)
	at org.codehaus.groovy.runtime.callsite.AbstractCallSite.call(AbstractCallSite.java:116)
	at grails.plugin.hibernate4.HibernatePluginSupport$__clinit__closure2.doCall(HibernatePluginSupport.groovy:420)
	at sun.reflect.NativeMethodAccessorImpl.invoke0(Native Method)
	at sun.reflect.NativeMethodAccessorImpl.invoke(NativeMethodAccessorImpl.java:62)
	at sun.reflect.DelegatingMethodAccessorImpl.invoke(DelegatingMethodAccessorImpl.java:43)
	at java.lang.reflect.Method.invoke(Method.java:483)
	at org.springsource.loaded.ri.ReflectiveInterceptor.jlrMethodInvoke(ReflectiveInterceptor.java:1276)
	at org.codehaus.groovy.reflection.CachedMethod.invoke(CachedMethod.java:90)
	at groovy.lang.MetaMethod.doMethodInvoke(MetaMethod.java:324)
	at groovy.lang.MetaClassImpl.invokeMethod(MetaClassImpl.java:1206)
	at groovy.lang.ExpandoMetaClass.invokeMethod(ExpandoMetaClass.java:1120)
	at groovy.lang.MetaClassImpl.invokeMethod(MetaClassImpl.java:1015)
	at groovy.lang.Closure.call(Closure.java:423)
	at org.codehaus.groovy.grails.plugins.DefaultGrailsPlugin.invokeOnChangeListener(DefaultGrailsPlugin.java:767)
	at org.codehaus.groovy.grails.plugins.DefaultGrailsPlugin.notifyOfEvent(DefaultGrailsPlugin.java:716)
	at org.codehaus.groovy.grails.plugins.DefaultGrailsPluginManager.informObservers(DefaultGrailsPluginManager.java:242)
	at org.codehaus.groovy.grails.plugins.DefaultGrailsPlugin.notifyOfEvent(DefaultGrailsPlugin.java:732)
	at org.codehaus.groovy.grails.plugins.AbstractGrailsPluginManager.informOfClassChange(AbstractGrailsPluginManager.java:405)
	at org.codehaus.groovy.grails.plugins.AbstractGrailsPluginManager.informOfFileChange(AbstractGrailsPluginManager.java:366)
	at org.codehaus.groovy.grails.project.compiler.GrailsProjectWatcher.informPluginManager(GrailsProjectWatcher.java:226)
	at org.codehaus.groovy.grails.project.compiler.GrailsProjectWatcher.access$400(GrailsProjectWatcher.java:48)
	at org.codehaus.groovy.grails.project.compiler.GrailsProjectWatcher$1.onNew(GrailsProjectWatcher.java:152)
	at org.codehaus.groovy.grails.compiler.AbstractDirectoryWatcher.fireOnNew(AbstractDirectoryWatcher.java:76)
	at org.codehaus.groovy.grails.compiler.WatchServiceDirectoryWatcher.run(WatchServiceDirectoryWatcher.java:104)
	at org.codehaus.groovy.grails.compiler.DirectoryWatcher.run(DirectoryWatcher.java:154)
	at org.codehaus.groovy.grails.project.compiler.GrailsProjectWatcher.run(GrailsProjectWatcher.java:161)
2015-08-03 20:09:23,722 [Thread-15] ERROR StackTrace  - Full Stack Trace:
groovy.lang.GroovyRuntimeException: Ambiguous method overloading for method grails.spring.BeanBuilder#registerBeans.
Cannot resolve which method to invoke for [null] due to overlapping prototypes between:
	[interface org.codehaus.groovy.grails.commons.spring.RuntimeSpringConfiguration]
	[interface org.springframework.beans.factory.support.BeanDefinitionRegistry]
	at grails.plugin.hibernate4.HibernatePluginSupport$__clinit__closure2.doCall(HibernatePluginSupport.groovy:420)
2015-08-03 20:09:23,722 [Thread-15] ERROR StackTrace  - Full Stack Trace:
groovy.lang.GroovyRuntimeException: Ambiguous method overloading for method grails.spring.BeanBuilder#registerBeans.
Cannot resolve which method to invoke for [null] due to overlapping prototypes between:
	[interface org.codehaus.groovy.grails.commons.spring.RuntimeSpringConfiguration]
	[interface org.springframework.beans.factory.support.BeanDefinitionRegistry]
	at grails.plugin.hibernate4.HibernatePluginSupport$__clinit__closure2.doCall(HibernatePluginSupport.groovy:420)
2015-08-03 20:09:23,722 [Thread-15] ERROR StackTrace  - Full Stack Trace:
groovy.lang.GroovyRuntimeException: Ambiguous method overloading for method grails.spring.BeanBuilder#registerBeans.
Cannot resolve which method to invoke for [null] due to overlapping prototypes between:
	[interface org.codehaus.groovy.grails.commons.spring.RuntimeSpringConfiguration]
	[interface org.springframework.beans.factory.support.BeanDefinitionRegistry]
	at grails.plugin.hibernate4.HibernatePluginSupport$__clinit__closure2.doCall(HibernatePluginSupport.groovy:420)
2015-08-03 20:09:24,006 [Thread-12] ERROR StackTrace  - Full Stack Trace:
groovy.lang.MissingPropertyException: No such property: name for class: org.springframework.core.io.FileSystemResource
Possible solutions: file, path
	at org.codehaus.groovy.runtime.ScriptBytecodeAdapter.unwrap(ScriptBytecodeAdapter.java:51)
	at org.codehaus.groovy.grails.orm.hibernate.cfg.HibernateUtils$enhanceSessionFactories$0.call(Unknown Source)
	at grails.plugin.hibernate4.HibernatePluginSupport$__clinit__closure2_closure13.doCall(HibernatePluginSupport.groovy:431)
	at grails.plugin.hibernate4.HibernatePluginSupport$__clinit__closure2_closure13.doCall(HibernatePluginSupport.groovy)
	at sun.reflect.GeneratedMethodAccessor279.invoke(Unknown Source)
	at sun.reflect.DelegatingMethodAccessorImpl.invoke(DelegatingMethodAccessorImpl.java:43)
	at java.lang.reflect.Method.invoke(Method.java:483)
	at org.springsource.loaded.ri.ReflectiveInterceptor.jlrMethodInvoke(ReflectiveInterceptor.java:1276)
	at org.codehaus.groovy.runtime.callsite.PogoMetaMethodSite$PogoCachedMethodSiteNoUnwrapNoCoerce.invoke(PogoMetaMethodSite.java:207)
	at org.codehaus.groovy.runtime.callsite.PogoMetaMethodSite.call(PogoMetaMethodSite.java:68)
	at org.codehaus.groovy.runtime.callsite.AbstractCallSite.call(AbstractCallSite.java:112)
	at grails.plugin.hibernate4.HibernatePluginSupport$__clinit__closure2.doCall(HibernatePluginSupport.groovy:452)
	at sun.reflect.GeneratedMethodAccessor273.invoke(Unknown Source)
	at sun.reflect.DelegatingMethodAccessorImpl.invoke(DelegatingMethodAccessorImpl.java:43)
	at java.lang.reflect.Method.invoke(Method.java:483)
	at org.springsource.loaded.ri.ReflectiveInterceptor.jlrMethodInvoke(ReflectiveInterceptor.java:1276)
	at org.codehaus.groovy.reflection.CachedMethod.invoke(CachedMethod.java:90)
	at groovy.lang.MetaMethod.doMethodInvoke(MetaMethod.java:324)
	at groovy.lang.MetaClassImpl.invokeMethod(MetaClassImpl.java:1206)
	at groovy.lang.ExpandoMetaClass.invokeMethod(ExpandoMetaClass.java:1120)
	at groovy.lang.MetaClassImpl.invokeMethod(MetaClassImpl.java:1015)
	at groovy.lang.Closure.call(Closure.java:423)
	at org.codehaus.groovy.grails.plugins.DefaultGrailsPlugin.invokeOnChangeListener(DefaultGrailsPlugin.java:767)
	at org.codehaus.groovy.grails.plugins.DefaultGrailsPlugin.notifyOfEvent(DefaultGrailsPlugin.java:716)
	at org.codehaus.groovy.grails.plugins.DefaultGrailsPluginManager.informObservers(DefaultGrailsPluginManager.java:242)
	at org.codehaus.groovy.grails.plugins.DefaultGrailsPlugin.notifyOfEvent(DefaultGrailsPlugin.java:732)
	at org.codehaus.groovy.grails.plugins.AbstractGrailsPluginManager.informOfClassChange(AbstractGrailsPluginManager.java:405)
	at org.codehaus.groovy.grails.plugins.AbstractGrailsPluginManager.informOfFileChange(AbstractGrailsPluginManager.java:366)
	at org.codehaus.groovy.grails.project.compiler.GrailsProjectWatcher.informPluginManager(GrailsProjectWatcher.java:226)
	at org.codehaus.groovy.grails.project.compiler.GrailsProjectWatcher.access$400(GrailsProjectWatcher.java:48)
	at org.codehaus.groovy.grails.project.compiler.GrailsProjectWatcher$1.onNew(GrailsProjectWatcher.java:152)
	at org.codehaus.groovy.grails.compiler.AbstractDirectoryWatcher.fireOnNew(AbstractDirectoryWatcher.java:76)
	at org.codehaus.groovy.grails.compiler.WatchServiceDirectoryWatcher.run(WatchServiceDirectoryWatcher.java:104)
	at org.codehaus.groovy.grails.compiler.DirectoryWatcher.run(DirectoryWatcher.java:154)
	at org.codehaus.groovy.grails.project.compiler.GrailsProjectWatcher.run(GrailsProjectWatcher.java:161)
	at java_lang_Runnable$run.call(Unknown Source)
	at org.codehaus.groovy.runtime.callsite.CallSiteArray.defaultCall(CallSiteArray.java:45)
	at org.codehaus.groovy.runtime.callsite.AbstractCallSite.call(AbstractCallSite.java:108)
	at org.codehaus.groovy.runtime.callsite.AbstractCallSite.call(AbstractCallSite.java:112)
	at org.codehaus.groovy.grails.cli.fork.ForkedGrailsProcess.startProjectWatcher(ForkedGrailsProcess.groovy:748)
	at sun.reflect.NativeMethodAccessorImpl.invoke0(Native Method)
	at sun.reflect.NativeMethodAccessorImpl.invoke(NativeMethodAccessorImpl.java:62)
	at sun.reflect.DelegatingMethodAccessorImpl.invoke(DelegatingMethodAccessorImpl.java:43)
	at java.lang.reflect.Method.invoke(Method.java:483)
	at org.springsource.loaded.ri.ReflectiveInterceptor.jlrMethodInvoke(ReflectiveInterceptor.java:1270)
	at org.codehaus.groovy.reflection.CachedMethod.invoke(CachedMethod.java:90)
	at groovy.lang.MetaMethod.doMethodInvoke(MetaMethod.java:324)
	at groovy.lang.MetaClassImpl.invokeMethod(MetaClassImpl.java:1206)
	at groovy.lang.MetaClassImpl.invokeMethod(MetaClassImpl.java:1015)
	at groovy.lang.MetaClassImpl.invokeMethod(MetaClassImpl.java:1151)
	at groovy.lang.ExpandoMetaClass.invokeMethod(ExpandoMetaClass.java:1120)
	at groovy.lang.MetaClassImpl.invokeMethod(MetaClassImpl.java:1015)
	at org.codehaus.groovy.runtime.callsite.PogoMetaClassSite.callCurrent(PogoMetaClassSite.java:66)
	at org.codehaus.groovy.runtime.callsite.CallSiteArray.defaultCallCurrent(CallSiteArray.java:49)
	at org.codehaus.groovy.runtime.callsite.AbstractCallSite.callCurrent(AbstractCallSite.java:133)
	at org.codehaus.groovy.runtime.callsite.AbstractCallSite.callCurrent(AbstractCallSite.java:145)
	at org.codehaus.groovy.grails.cli.fork.ForkedGrailsProcess$_setupReloading_closure17.doCall(ForkedGrailsProcess.groovy:737)
	at org.codehaus.groovy.grails.cli.fork.ForkedGrailsProcess$_setupReloading_closure17.doCall(ForkedGrailsProcess.groovy)
	at sun.reflect.NativeMethodAccessorImpl.invoke0(Native Method)
	at sun.reflect.NativeMethodAccessorImpl.invoke(NativeMethodAccessorImpl.java:62)
	at sun.reflect.DelegatingMethodAccessorImpl.invoke(DelegatingMethodAccessorImpl.java:43)
	at java.lang.reflect.Method.invoke(Method.java:483)
	at org.springsource.loaded.ri.ReflectiveInterceptor.jlrMethodInvoke(ReflectiveInterceptor.java:1270)
	at org.codehaus.groovy.reflection.CachedMethod.invoke(CachedMethod.java:90)
	at groovy.lang.MetaMethod.doMethodInvoke(MetaMethod.java:324)
	at groovy.lang.MetaClassImpl.invokeMethod(MetaClassImpl.java:1206)
	at groovy.lang.ExpandoMetaClass.invokeMethod(ExpandoMetaClass.java:1120)
	at groovy.lang.MetaClassImpl.invokeMethod(MetaClassImpl.java:1015)
	at groovy.lang.Closure.call(Closure.java:423)
	at groovy.lang.Closure.call(Closure.java:417)
	at groovy.lang.Closure.run(Closure.java:504)
	at java.lang.Thread.run(Thread.java:745)
2015-08-03 20:09:24,007 [Thread-12] ERROR StackTrace  - Full Stack Trace:
groovy.lang.MissingPropertyException: No such property: name for class: org.springframework.core.io.FileSystemResource
Possible solutions: file, path
	at grails.plugin.hibernate4.HibernatePluginSupport$__clinit__closure2_closure13.doCall(HibernatePluginSupport.groovy:431)
	at grails.plugin.hibernate4.HibernatePluginSupport$__clinit__closure2.doCall(HibernatePluginSupport.groovy:452)
	at java.lang.Thread.run(Thread.java:745)
2015-08-03 20:09:24,008 [Thread-12] ERROR StackTrace  - Full Stack Trace:
groovy.lang.MissingPropertyException: No such property: name for class: org.springframework.core.io.FileSystemResource
Possible solutions: file, path
	at grails.plugin.hibernate4.HibernatePluginSupport$__clinit__closure2_closure13.doCall(HibernatePluginSupport.groovy:431)
	at grails.plugin.hibernate4.HibernatePluginSupport$__clinit__closure2.doCall(HibernatePluginSupport.groovy:452)
	at java.lang.Thread.run(Thread.java:745)
2015-08-03 20:09:24,008 [Thread-12] ERROR StackTrace  - Full Stack Trace:
groovy.lang.MissingPropertyException: No such property: name for class: org.springframework.core.io.FileSystemResource
Possible solutions: file, path
	at grails.plugin.hibernate4.HibernatePluginSupport$__clinit__closure2_closure13.doCall(HibernatePluginSupport.groovy:431)
	at grails.plugin.hibernate4.HibernatePluginSupport$__clinit__closure2.doCall(HibernatePluginSupport.groovy:452)
	at java.lang.Thread.run(Thread.java:745)
2015-08-03 20:10:12,818 [FileSystemWatcher: files=#78 cl=java.net.URLClassLoader@5d2828c9] ERROR StackTrace  - Full Stack Trace:
groovy.lang.GroovyRuntimeException: Ambiguous method overloading for method grails.spring.BeanBuilder#registerBeans.
Cannot resolve which method to invoke for [null] due to overlapping prototypes between:
	[interface org.codehaus.groovy.grails.commons.spring.RuntimeSpringConfiguration]
	[interface org.springframework.beans.factory.support.BeanDefinitionRegistry]
	at groovy.lang.MetaClassImpl.chooseMostSpecificParams(MetaClassImpl.java:3201)
	at groovy.lang.MetaClassImpl.chooseMethodInternal(MetaClassImpl.java:3153)
	at groovy.lang.MetaClassImpl.chooseMethod(MetaClassImpl.java:3096)
	at groovy.lang.MetaClassImpl.getMethodWithCachingInternal(MetaClassImpl.java:1324)
	at groovy.lang.MetaClassImpl.createPogoCallSite(MetaClassImpl.java:3357)
	at groovy.lang.ExpandoMetaClass.createPogoCallSite(ExpandoMetaClass.java:1309)
	at org.codehaus.groovy.runtime.callsite.CallSiteArray.createPogoSite(CallSiteArray.java:147)
	at org.codehaus.groovy.runtime.callsite.CallSiteArray.createCallSite(CallSiteArray.java:161)
	at org.codehaus.groovy.runtime.callsite.CallSiteArray.defaultCall(CallSiteArray.java:45)
	at org.codehaus.groovy.runtime.callsite.AbstractCallSite.call(AbstractCallSite.java:108)
	at org.codehaus.groovy.runtime.callsite.AbstractCallSite.call(AbstractCallSite.java:116)
	at org.codehaus.groovy.grails.plugins.DomainClassGrailsPlugin$_closure3.doCall(DomainClassGrailsPlugin.groovy:154)
	at sun.reflect.GeneratedMethodAccessor272.invoke(Unknown Source)
	at sun.reflect.DelegatingMethodAccessorImpl.invoke(DelegatingMethodAccessorImpl.java:43)
	at java.lang.reflect.Method.invoke(Method.java:483)
	at org.springsource.loaded.ri.ReflectiveInterceptor.jlrMethodInvoke(ReflectiveInterceptor.java:1276)
	at org.codehaus.groovy.reflection.CachedMethod.invoke(CachedMethod.java:90)
	at groovy.lang.MetaMethod.doMethodInvoke(MetaMethod.java:324)
	at groovy.lang.MetaClassImpl.invokeMethod(MetaClassImpl.java:1206)
	at groovy.lang.ExpandoMetaClass.invokeMethod(ExpandoMetaClass.java:1120)
	at groovy.lang.MetaClassImpl.invokeMethod(MetaClassImpl.java:1015)
	at groovy.lang.Closure.call(Closure.java:423)
	at org.codehaus.groovy.grails.plugins.DefaultGrailsPlugin.invokeOnChangeListener(DefaultGrailsPlugin.java:767)
	at org.codehaus.groovy.grails.plugins.DefaultGrailsPlugin.notifyOfEvent(DefaultGrailsPlugin.java:716)
	at org.codehaus.groovy.grails.plugins.DefaultGrailsPlugin.notifyOfEvent(DefaultGrailsPlugin.java:731)
	at org.codehaus.groovy.grails.plugins.AbstractGrailsPluginManager.informOfClassChange(AbstractGrailsPluginManager.java:408)
	at org.codehaus.groovy.grails.project.compiler.GrailsProjectWatcher$2.run(GrailsProjectWatcher.java:246)
	at org.codehaus.groovy.grails.project.compiler.GrailsProjectWatcher.firePendingClassChangeEvents(GrailsProjectWatcher.java:107)
	at org.codehaus.groovy.grails.cli.agent.GrailsPluginManagerReloadPlugin.reloadEvent(GrailsPluginManagerReloadPlugin.java:42)
	at org.springsource.loaded.TypeRegistry.fireReloadEvent(TypeRegistry.java:1794)
	at org.springsource.loaded.ReloadableType.loadNewVersion(ReloadableType.java:417)
	at org.springsource.loaded.TypeRegistry.loadNewVersion(TypeRegistry.java:845)
	at org.springsource.loaded.agent.ReloadableFileChangeListener.fileChanged(ReloadableFileChangeListener.java:51)
	at org.springsource.loaded.agent.Watcher.determineChangesSince(FileSystemWatcher.java:235)
	at org.springsource.loaded.agent.Watcher.run(FileSystemWatcher.java:219)
	at java.lang.Thread.run(Thread.java:745)
2015-08-03 20:10:12,818 [FileSystemWatcher: files=#78 cl=java.net.URLClassLoader@5d2828c9] ERROR StackTrace  - Full Stack Trace:
groovy.lang.GroovyRuntimeException: Ambiguous method overloading for method grails.spring.BeanBuilder#registerBeans.
Cannot resolve which method to invoke for [null] due to overlapping prototypes between:
	[interface org.codehaus.groovy.grails.commons.spring.RuntimeSpringConfiguration]
	[interface org.springframework.beans.factory.support.BeanDefinitionRegistry]
	at java.lang.Thread.run(Thread.java:745)
2015-08-03 20:10:12,819 [FileSystemWatcher: files=#78 cl=java.net.URLClassLoader@5d2828c9] ERROR StackTrace  - Full Stack Trace:
groovy.lang.GroovyRuntimeException: Ambiguous method overloading for method grails.spring.BeanBuilder#registerBeans.
Cannot resolve which method to invoke for [null] due to overlapping prototypes between:
	[interface org.codehaus.groovy.grails.commons.spring.RuntimeSpringConfiguration]
	[interface org.springframework.beans.factory.support.BeanDefinitionRegistry]
	at java.lang.Thread.run(Thread.java:745)
2015-08-03 20:10:12,819 [FileSystemWatcher: files=#78 cl=java.net.URLClassLoader@5d2828c9] ERROR StackTrace  - Full Stack Trace:
groovy.lang.GroovyRuntimeException: Ambiguous method overloading for method grails.spring.BeanBuilder#registerBeans.
Cannot resolve which method to invoke for [null] due to overlapping prototypes between:
	[interface org.codehaus.groovy.grails.commons.spring.RuntimeSpringConfiguration]
	[interface org.springframework.beans.factory.support.BeanDefinitionRegistry]
	at java.lang.Thread.run(Thread.java:745)
2015-08-03 21:07:36,061 [FileSystemWatcher: files=#82 cl=java.net.URLClassLoader@5d2828c9] ERROR StackTrace  - Full Stack Trace:
groovy.lang.GroovyRuntimeException: Ambiguous method overloading for method grails.spring.BeanBuilder#registerBeans.
Cannot resolve which method to invoke for [null] due to overlapping prototypes between:
	[interface org.codehaus.groovy.grails.commons.spring.RuntimeSpringConfiguration]
	[interface org.springframework.beans.factory.support.BeanDefinitionRegistry]
	at groovy.lang.MetaClassImpl.chooseMostSpecificParams(MetaClassImpl.java:3201)
	at groovy.lang.MetaClassImpl.chooseMethodInternal(MetaClassImpl.java:3153)
	at groovy.lang.MetaClassImpl.chooseMethod(MetaClassImpl.java:3096)
	at groovy.lang.MetaClassImpl.getMethodWithCachingInternal(MetaClassImpl.java:1324)
	at groovy.lang.MetaClassImpl.createPogoCallSite(MetaClassImpl.java:3357)
	at groovy.lang.ExpandoMetaClass.createPogoCallSite(ExpandoMetaClass.java:1309)
	at org.codehaus.groovy.runtime.callsite.CallSiteArray.createPogoSite(CallSiteArray.java:147)
	at org.codehaus.groovy.runtime.callsite.CallSiteArray.createCallSite(CallSiteArray.java:161)
	at org.codehaus.groovy.runtime.callsite.CallSiteArray.defaultCall(CallSiteArray.java:45)
	at org.codehaus.groovy.runtime.callsite.AbstractCallSite.call(AbstractCallSite.java:108)
	at org.codehaus.groovy.runtime.callsite.AbstractCallSite.call(AbstractCallSite.java:116)
	at org.codehaus.groovy.grails.plugins.DomainClassGrailsPlugin$_closure3.doCall(DomainClassGrailsPlugin.groovy:154)
	at sun.reflect.GeneratedMethodAccessor272.invoke(Unknown Source)
	at sun.reflect.DelegatingMethodAccessorImpl.invoke(DelegatingMethodAccessorImpl.java:43)
	at java.lang.reflect.Method.invoke(Method.java:483)
	at org.springsource.loaded.ri.ReflectiveInterceptor.jlrMethodInvoke(ReflectiveInterceptor.java:1276)
	at org.codehaus.groovy.reflection.CachedMethod.invoke(CachedMethod.java:90)
	at groovy.lang.MetaMethod.doMethodInvoke(MetaMethod.java:324)
	at groovy.lang.MetaClassImpl.invokeMethod(MetaClassImpl.java:1206)
	at groovy.lang.ExpandoMetaClass.invokeMethod(ExpandoMetaClass.java:1120)
	at groovy.lang.MetaClassImpl.invokeMethod(MetaClassImpl.java:1015)
	at groovy.lang.Closure.call(Closure.java:423)
	at org.codehaus.groovy.grails.plugins.DefaultGrailsPlugin.invokeOnChangeListener(DefaultGrailsPlugin.java:767)
	at org.codehaus.groovy.grails.plugins.DefaultGrailsPlugin.notifyOfEvent(DefaultGrailsPlugin.java:716)
	at org.codehaus.groovy.grails.plugins.DefaultGrailsPlugin.notifyOfEvent(DefaultGrailsPlugin.java:731)
	at org.codehaus.groovy.grails.plugins.AbstractGrailsPluginManager.informOfClassChange(AbstractGrailsPluginManager.java:408)
	at org.codehaus.groovy.grails.project.compiler.GrailsProjectWatcher$2.run(GrailsProjectWatcher.java:246)
	at org.codehaus.groovy.grails.project.compiler.GrailsProjectWatcher.firePendingClassChangeEvents(GrailsProjectWatcher.java:107)
	at org.codehaus.groovy.grails.cli.agent.GrailsPluginManagerReloadPlugin.reloadEvent(GrailsPluginManagerReloadPlugin.java:42)
	at org.springsource.loaded.TypeRegistry.fireReloadEvent(TypeRegistry.java:1794)
	at org.springsource.loaded.ReloadableType.loadNewVersion(ReloadableType.java:417)
	at org.springsource.loaded.TypeRegistry.loadNewVersion(TypeRegistry.java:845)
	at org.springsource.loaded.agent.ReloadableFileChangeListener.fileChanged(ReloadableFileChangeListener.java:51)
	at org.springsource.loaded.agent.Watcher.determineChangesSince(FileSystemWatcher.java:235)
	at org.springsource.loaded.agent.Watcher.run(FileSystemWatcher.java:219)
	at java.lang.Thread.run(Thread.java:745)
2015-08-03 21:07:36,062 [FileSystemWatcher: files=#82 cl=java.net.URLClassLoader@5d2828c9] ERROR StackTrace  - Full Stack Trace:
groovy.lang.GroovyRuntimeException: Ambiguous method overloading for method grails.spring.BeanBuilder#registerBeans.
Cannot resolve which method to invoke for [null] due to overlapping prototypes between:
	[interface org.codehaus.groovy.grails.commons.spring.RuntimeSpringConfiguration]
	[interface org.springframework.beans.factory.support.BeanDefinitionRegistry]
	at java.lang.Thread.run(Thread.java:745)
2015-08-03 21:07:36,062 [FileSystemWatcher: files=#82 cl=java.net.URLClassLoader@5d2828c9] ERROR StackTrace  - Full Stack Trace:
groovy.lang.GroovyRuntimeException: Ambiguous method overloading for method grails.spring.BeanBuilder#registerBeans.
Cannot resolve which method to invoke for [null] due to overlapping prototypes between:
	[interface org.codehaus.groovy.grails.commons.spring.RuntimeSpringConfiguration]
	[interface org.springframework.beans.factory.support.BeanDefinitionRegistry]
	at java.lang.Thread.run(Thread.java:745)
2015-08-03 21:07:36,062 [FileSystemWatcher: files=#82 cl=java.net.URLClassLoader@5d2828c9] ERROR StackTrace  - Full Stack Trace:
groovy.lang.GroovyRuntimeException: Ambiguous method overloading for method grails.spring.BeanBuilder#registerBeans.
Cannot resolve which method to invoke for [null] due to overlapping prototypes between:
	[interface org.codehaus.groovy.grails.commons.spring.RuntimeSpringConfiguration]
	[interface org.springframework.beans.factory.support.BeanDefinitionRegistry]
	at java.lang.Thread.run(Thread.java:745)
2015-08-03 21:07:36,112 [FileSystemWatcher: files=#82 cl=java.net.URLClassLoader@5d2828c9] ERROR StackTrace  - Full Stack Trace:
groovy.lang.GroovyRuntimeException: Ambiguous method overloading for method grails.spring.BeanBuilder#registerBeans.
Cannot resolve which method to invoke for [null] due to overlapping prototypes between:
	[interface org.codehaus.groovy.grails.commons.spring.RuntimeSpringConfiguration]
	[interface org.springframework.beans.factory.support.BeanDefinitionRegistry]
	at groovy.lang.MetaClassImpl.chooseMostSpecificParams(MetaClassImpl.java:3201)
	at groovy.lang.MetaClassImpl.chooseMethodInternal(MetaClassImpl.java:3153)
	at groovy.lang.MetaClassImpl.chooseMethod(MetaClassImpl.java:3096)
	at groovy.lang.MetaClassImpl.getMethodWithCachingInternal(MetaClassImpl.java:1324)
	at groovy.lang.MetaClassImpl.createPogoCallSite(MetaClassImpl.java:3357)
	at groovy.lang.ExpandoMetaClass.createPogoCallSite(ExpandoMetaClass.java:1309)
	at org.codehaus.groovy.runtime.callsite.CallSiteArray.createPogoSite(CallSiteArray.java:147)
	at org.codehaus.groovy.runtime.callsite.CallSiteArray.createCallSite(CallSiteArray.java:161)
	at org.codehaus.groovy.runtime.callsite.CallSiteArray.defaultCall(CallSiteArray.java:45)
	at org.codehaus.groovy.runtime.callsite.AbstractCallSite.call(AbstractCallSite.java:108)
	at org.codehaus.groovy.runtime.callsite.AbstractCallSite.call(AbstractCallSite.java:116)
	at org.codehaus.groovy.grails.plugins.DomainClassGrailsPlugin$_closure3.doCall(DomainClassGrailsPlugin.groovy:154)
	at sun.reflect.GeneratedMethodAccessor272.invoke(Unknown Source)
	at sun.reflect.DelegatingMethodAccessorImpl.invoke(DelegatingMethodAccessorImpl.java:43)
	at java.lang.reflect.Method.invoke(Method.java:483)
	at org.springsource.loaded.ri.ReflectiveInterceptor.jlrMethodInvoke(ReflectiveInterceptor.java:1276)
	at org.codehaus.groovy.reflection.CachedMethod.invoke(CachedMethod.java:90)
	at groovy.lang.MetaMethod.doMethodInvoke(MetaMethod.java:324)
	at groovy.lang.MetaClassImpl.invokeMethod(MetaClassImpl.java:1206)
	at groovy.lang.ExpandoMetaClass.invokeMethod(ExpandoMetaClass.java:1120)
	at groovy.lang.MetaClassImpl.invokeMethod(MetaClassImpl.java:1015)
	at groovy.lang.Closure.call(Closure.java:423)
	at org.codehaus.groovy.grails.plugins.DefaultGrailsPlugin.invokeOnChangeListener(DefaultGrailsPlugin.java:767)
	at org.codehaus.groovy.grails.plugins.DefaultGrailsPlugin.notifyOfEvent(DefaultGrailsPlugin.java:716)
	at org.codehaus.groovy.grails.plugins.DefaultGrailsPlugin.notifyOfEvent(DefaultGrailsPlugin.java:731)
	at org.codehaus.groovy.grails.plugins.AbstractGrailsPluginManager.informOfClassChange(AbstractGrailsPluginManager.java:408)
	at org.codehaus.groovy.grails.project.compiler.GrailsProjectWatcher$2.run(GrailsProjectWatcher.java:246)
	at org.codehaus.groovy.grails.project.compiler.GrailsProjectWatcher.firePendingClassChangeEvents(GrailsProjectWatcher.java:107)
	at org.codehaus.groovy.grails.cli.agent.GrailsPluginManagerReloadPlugin.reloadEvent(GrailsPluginManagerReloadPlugin.java:42)
	at org.springsource.loaded.TypeRegistry.fireReloadEvent(TypeRegistry.java:1794)
	at org.springsource.loaded.ReloadableType.loadNewVersion(ReloadableType.java:417)
	at org.springsource.loaded.TypeRegistry.loadNewVersion(TypeRegistry.java:845)
	at org.springsource.loaded.agent.ReloadableFileChangeListener.fileChanged(ReloadableFileChangeListener.java:51)
	at org.springsource.loaded.agent.Watcher.determineChangesSince(FileSystemWatcher.java:235)
	at org.springsource.loaded.agent.Watcher.run(FileSystemWatcher.java:219)
	at java.lang.Thread.run(Thread.java:745)
2015-08-03 21:07:36,112 [FileSystemWatcher: files=#82 cl=java.net.URLClassLoader@5d2828c9] ERROR StackTrace  - Full Stack Trace:
groovy.lang.GroovyRuntimeException: Ambiguous method overloading for method grails.spring.BeanBuilder#registerBeans.
Cannot resolve which method to invoke for [null] due to overlapping prototypes between:
	[interface org.codehaus.groovy.grails.commons.spring.RuntimeSpringConfiguration]
	[interface org.springframework.beans.factory.support.BeanDefinitionRegistry]
	at java.lang.Thread.run(Thread.java:745)
2015-08-03 21:07:36,112 [FileSystemWatcher: files=#82 cl=java.net.URLClassLoader@5d2828c9] ERROR StackTrace  - Full Stack Trace:
groovy.lang.GroovyRuntimeException: Ambiguous method overloading for method grails.spring.BeanBuilder#registerBeans.
Cannot resolve which method to invoke for [null] due to overlapping prototypes between:
	[interface org.codehaus.groovy.grails.commons.spring.RuntimeSpringConfiguration]
	[interface org.springframework.beans.factory.support.BeanDefinitionRegistry]
	at java.lang.Thread.run(Thread.java:745)
2015-08-03 21:07:36,112 [FileSystemWatcher: files=#82 cl=java.net.URLClassLoader@5d2828c9] ERROR StackTrace  - Full Stack Trace:
groovy.lang.GroovyRuntimeException: Ambiguous method overloading for method grails.spring.BeanBuilder#registerBeans.
Cannot resolve which method to invoke for [null] due to overlapping prototypes between:
	[interface org.codehaus.groovy.grails.commons.spring.RuntimeSpringConfiguration]
	[interface org.springframework.beans.factory.support.BeanDefinitionRegistry]
	at java.lang.Thread.run(Thread.java:745)
2015-08-03 21:07:36,249 [FileSystemWatcher: files=#88 cl=java.net.URLClassLoader@5d2828c9] ERROR StackTrace  - Full Stack Trace:
groovy.lang.GroovyRuntimeException: Ambiguous method overloading for method grails.spring.BeanBuilder#registerBeans.
Cannot resolve which method to invoke for [null] due to overlapping prototypes between:
	[interface org.codehaus.groovy.grails.commons.spring.RuntimeSpringConfiguration]
	[interface org.springframework.beans.factory.support.BeanDefinitionRegistry]
	at groovy.lang.MetaClassImpl.chooseMostSpecificParams(MetaClassImpl.java:3201)
	at groovy.lang.MetaClassImpl.chooseMethodInternal(MetaClassImpl.java:3153)
	at groovy.lang.MetaClassImpl.chooseMethod(MetaClassImpl.java:3096)
	at groovy.lang.MetaClassImpl.getMethodWithCachingInternal(MetaClassImpl.java:1324)
	at groovy.lang.MetaClassImpl.createPogoCallSite(MetaClassImpl.java:3357)
	at groovy.lang.ExpandoMetaClass.createPogoCallSite(ExpandoMetaClass.java:1309)
	at org.codehaus.groovy.runtime.callsite.CallSiteArray.createPogoSite(CallSiteArray.java:147)
	at org.codehaus.groovy.runtime.callsite.CallSiteArray.createCallSite(CallSiteArray.java:161)
	at org.codehaus.groovy.runtime.callsite.CallSiteArray.defaultCall(CallSiteArray.java:45)
	at org.codehaus.groovy.runtime.callsite.AbstractCallSite.call(AbstractCallSite.java:108)
	at org.codehaus.groovy.runtime.callsite.AbstractCallSite.call(AbstractCallSite.java:116)
	at org.codehaus.groovy.grails.plugins.DomainClassGrailsPlugin$_closure3.doCall(DomainClassGrailsPlugin.groovy:154)
	at sun.reflect.GeneratedMethodAccessor272.invoke(Unknown Source)
	at sun.reflect.DelegatingMethodAccessorImpl.invoke(DelegatingMethodAccessorImpl.java:43)
	at java.lang.reflect.Method.invoke(Method.java:483)
	at org.springsource.loaded.ri.ReflectiveInterceptor.jlrMethodInvoke(ReflectiveInterceptor.java:1276)
	at org.codehaus.groovy.reflection.CachedMethod.invoke(CachedMethod.java:90)
	at groovy.lang.MetaMethod.doMethodInvoke(MetaMethod.java:324)
	at groovy.lang.MetaClassImpl.invokeMethod(MetaClassImpl.java:1206)
	at groovy.lang.ExpandoMetaClass.invokeMethod(ExpandoMetaClass.java:1120)
	at groovy.lang.MetaClassImpl.invokeMethod(MetaClassImpl.java:1015)
	at groovy.lang.Closure.call(Closure.java:423)
	at org.codehaus.groovy.grails.plugins.DefaultGrailsPlugin.invokeOnChangeListener(DefaultGrailsPlugin.java:767)
	at org.codehaus.groovy.grails.plugins.DefaultGrailsPlugin.notifyOfEvent(DefaultGrailsPlugin.java:716)
	at org.codehaus.groovy.grails.plugins.DefaultGrailsPlugin.notifyOfEvent(DefaultGrailsPlugin.java:731)
	at org.codehaus.groovy.grails.plugins.AbstractGrailsPluginManager.informOfClassChange(AbstractGrailsPluginManager.java:408)
	at org.codehaus.groovy.grails.project.compiler.GrailsProjectWatcher$2.run(GrailsProjectWatcher.java:246)
	at org.codehaus.groovy.grails.project.compiler.GrailsProjectWatcher.firePendingClassChangeEvents(GrailsProjectWatcher.java:107)
	at org.codehaus.groovy.grails.cli.agent.GrailsPluginManagerReloadPlugin.reloadEvent(GrailsPluginManagerReloadPlugin.java:42)
	at org.springsource.loaded.TypeRegistry.fireReloadEvent(TypeRegistry.java:1794)
	at org.springsource.loaded.ReloadableType.loadNewVersion(ReloadableType.java:417)
	at org.springsource.loaded.TypeRegistry.loadNewVersion(TypeRegistry.java:845)
	at org.springsource.loaded.agent.ReloadableFileChangeListener.fileChanged(ReloadableFileChangeListener.java:51)
	at org.springsource.loaded.agent.Watcher.determineChangesSince(FileSystemWatcher.java:235)
	at org.springsource.loaded.agent.Watcher.run(FileSystemWatcher.java:219)
	at java.lang.Thread.run(Thread.java:745)
2015-08-03 21:07:36,249 [FileSystemWatcher: files=#88 cl=java.net.URLClassLoader@5d2828c9] ERROR StackTrace  - Full Stack Trace:
groovy.lang.GroovyRuntimeException: Ambiguous method overloading for method grails.spring.BeanBuilder#registerBeans.
Cannot resolve which method to invoke for [null] due to overlapping prototypes between:
	[interface org.codehaus.groovy.grails.commons.spring.RuntimeSpringConfiguration]
	[interface org.springframework.beans.factory.support.BeanDefinitionRegistry]
	at java.lang.Thread.run(Thread.java:745)
2015-08-03 21:07:36,250 [FileSystemWatcher: files=#88 cl=java.net.URLClassLoader@5d2828c9] ERROR StackTrace  - Full Stack Trace:
groovy.lang.GroovyRuntimeException: Ambiguous method overloading for method grails.spring.BeanBuilder#registerBeans.
Cannot resolve which method to invoke for [null] due to overlapping prototypes between:
	[interface org.codehaus.groovy.grails.commons.spring.RuntimeSpringConfiguration]
	[interface org.springframework.beans.factory.support.BeanDefinitionRegistry]
	at java.lang.Thread.run(Thread.java:745)
2015-08-03 21:07:36,250 [FileSystemWatcher: files=#88 cl=java.net.URLClassLoader@5d2828c9] ERROR StackTrace  - Full Stack Trace:
groovy.lang.GroovyRuntimeException: Ambiguous method overloading for method grails.spring.BeanBuilder#registerBeans.
Cannot resolve which method to invoke for [null] due to overlapping prototypes between:
	[interface org.codehaus.groovy.grails.commons.spring.RuntimeSpringConfiguration]
	[interface org.springframework.beans.factory.support.BeanDefinitionRegistry]
	at java.lang.Thread.run(Thread.java:745)
2015-08-03 21:09:44,750 [Thread-15] ERROR StackTrace  - Full Stack Trace:
java.lang.NumberFormatException: For input string: "1B"
	at java.lang.NumberFormatException.forInputString(NumberFormatException.java:65)
	at java.lang.Integer.parseInt(Integer.java:580)
	at java.lang.Integer.<init>(Integer.java:867)
	at org.fusesource.jansi.AnsiOutputStream.write(AnsiOutputStream.java:120)
	at java.io.FilterOutputStream.write(FilterOutputStream.java:125)
	at java.io.PrintStream.write(PrintStream.java:480)
	at sun.nio.cs.StreamEncoder.writeBytes(StreamEncoder.java:221)
	at sun.nio.cs.StreamEncoder.implFlushBuffer(StreamEncoder.java:291)
	at sun.nio.cs.StreamEncoder.flushBuffer(StreamEncoder.java:104)
	at java.io.OutputStreamWriter.flushBuffer(OutputStreamWriter.java:185)
	at java.io.PrintStream.write(PrintStream.java:527)
	at java.io.PrintStream.print(PrintStream.java:669)
	at grails.build.logging.GrailsConsole.showPrompt(GrailsConsole.java:782)
	at grails.build.logging.GrailsConsole.showPrompt(GrailsConsole.java:805)
	at grails.build.logging.GrailsConsole.postPrintMessage(GrailsConsole.java:540)
	at grails.build.logging.GrailsConsole.error(GrailsConsole.java:918)
	at grails.build.logging.GrailsConsole.error(GrailsConsole.java:560)
	at org.codehaus.groovy.grails.plugins.log4j.appenders.GrailsConsoleAppender.append(GrailsConsoleAppender.java:59)
	at org.apache.log4j.AppenderSkeleton.doAppend(AppenderSkeleton.java:251)
	at org.apache.log4j.helpers.AppenderAttachableImpl.appendLoopOnAppenders(AppenderAttachableImpl.java:66)
	at org.apache.log4j.Category.callAppenders(Category.java:206)
	at org.apache.log4j.Category.forcedLog(Category.java:391)
	at org.apache.log4j.Category.log(Category.java:856)
	at org.slf4j.impl.GrailsLog4jLoggerAdapter.logMessage(GrailsLog4jLoggerAdapter.java:192)
	at org.slf4j.impl.GrailsLog4jLoggerAdapter.error(GrailsLog4jLoggerAdapter.java:167)
	at org.apache.commons.logging.impl.SLF4JLog.error(SLF4JLog.java:213)
	at org.codehaus.groovy.grails.plugins.AbstractGrailsPluginManager.informOfClassChange(AbstractGrailsPluginManager.java:412)
	at org.codehaus.groovy.grails.plugins.AbstractGrailsPluginManager.informOfFileChange(AbstractGrailsPluginManager.java:366)
	at org.codehaus.groovy.grails.project.compiler.GrailsProjectWatcher.informPluginManager(GrailsProjectWatcher.java:226)
	at org.codehaus.groovy.grails.project.compiler.GrailsProjectWatcher.access$400(GrailsProjectWatcher.java:48)
	at org.codehaus.groovy.grails.project.compiler.GrailsProjectWatcher$1.onNew(GrailsProjectWatcher.java:152)
	at org.codehaus.groovy.grails.compiler.AbstractDirectoryWatcher.fireOnNew(AbstractDirectoryWatcher.java:76)
	at org.codehaus.groovy.grails.compiler.WatchServiceDirectoryWatcher.run(WatchServiceDirectoryWatcher.java:104)
	at org.codehaus.groovy.grails.compiler.DirectoryWatcher.run(DirectoryWatcher.java:154)
	at org.codehaus.groovy.grails.project.compiler.GrailsProjectWatcher.run(GrailsProjectWatcher.java:161)
2015-08-03 21:09:44,751 [Thread-15] ERROR StackTrace  - Full Stack Trace:
java.lang.NumberFormatException: For input string: "1B"
	at java.lang.NumberFormatException.forInputString(NumberFormatException.java:65)
	at java.lang.Integer.parseInt(Integer.java:580)
	at java.lang.Integer.<init>(Integer.java:867)
	at org.fusesource.jansi.AnsiOutputStream.write(AnsiOutputStream.java:120)
	at java.io.FilterOutputStream.write(FilterOutputStream.java:125)
	at java.io.PrintStream.write(PrintStream.java:480)
	at java.io.OutputStreamWriter.flushBuffer(OutputStreamWriter.java:185)
	at java.io.PrintStream.write(PrintStream.java:527)
	at java.io.PrintStream.print(PrintStream.java:669)
	at grails.build.logging.GrailsConsole.showPrompt(GrailsConsole.java:782)
	at grails.build.logging.GrailsConsole.showPrompt(GrailsConsole.java:805)
	at grails.build.logging.GrailsConsole.postPrintMessage(GrailsConsole.java:540)
	at grails.build.logging.GrailsConsole.error(GrailsConsole.java:918)
	at grails.build.logging.GrailsConsole.error(GrailsConsole.java:560)
	at org.apache.log4j.AppenderSkeleton.doAppend(AppenderSkeleton.java:251)
	at org.apache.log4j.helpers.AppenderAttachableImpl.appendLoopOnAppenders(AppenderAttachableImpl.java:66)
	at org.apache.log4j.Category.callAppenders(Category.java:206)
	at org.apache.log4j.Category.forcedLog(Category.java:391)
	at org.apache.log4j.Category.log(Category.java:856)
	at org.slf4j.impl.GrailsLog4jLoggerAdapter.logMessage(GrailsLog4jLoggerAdapter.java:192)
	at org.slf4j.impl.GrailsLog4jLoggerAdapter.error(GrailsLog4jLoggerAdapter.java:167)
	at org.apache.commons.logging.impl.SLF4JLog.error(SLF4JLog.java:213)
2015-08-03 21:09:44,751 [Thread-15] ERROR StackTrace  - Full Stack Trace:
java.lang.NumberFormatException: For input string: "1B"
	at java.lang.NumberFormatException.forInputString(NumberFormatException.java:65)
	at java.lang.Integer.parseInt(Integer.java:580)
	at java.lang.Integer.<init>(Integer.java:867)
	at org.fusesource.jansi.AnsiOutputStream.write(AnsiOutputStream.java:120)
	at java.io.FilterOutputStream.write(FilterOutputStream.java:125)
	at java.io.PrintStream.write(PrintStream.java:480)
	at java.io.OutputStreamWriter.flushBuffer(OutputStreamWriter.java:185)
	at java.io.PrintStream.write(PrintStream.java:527)
	at java.io.PrintStream.print(PrintStream.java:669)
	at grails.build.logging.GrailsConsole.showPrompt(GrailsConsole.java:782)
	at grails.build.logging.GrailsConsole.showPrompt(GrailsConsole.java:805)
	at grails.build.logging.GrailsConsole.postPrintMessage(GrailsConsole.java:540)
	at grails.build.logging.GrailsConsole.error(GrailsConsole.java:918)
	at grails.build.logging.GrailsConsole.error(GrailsConsole.java:560)
	at org.apache.log4j.AppenderSkeleton.doAppend(AppenderSkeleton.java:251)
	at org.apache.log4j.helpers.AppenderAttachableImpl.appendLoopOnAppenders(AppenderAttachableImpl.java:66)
	at org.apache.log4j.Category.callAppenders(Category.java:206)
	at org.apache.log4j.Category.forcedLog(Category.java:391)
	at org.apache.log4j.Category.log(Category.java:856)
	at org.slf4j.impl.GrailsLog4jLoggerAdapter.logMessage(GrailsLog4jLoggerAdapter.java:192)
	at org.slf4j.impl.GrailsLog4jLoggerAdapter.error(GrailsLog4jLoggerAdapter.java:167)
	at org.apache.commons.logging.impl.SLF4JLog.error(SLF4JLog.java:213)
2015-08-03 21:09:44,751 [Thread-15] ERROR StackTrace  - Full Stack Trace:
java.lang.NumberFormatException: For input string: "1B"
	at java.lang.NumberFormatException.forInputString(NumberFormatException.java:65)
	at java.lang.Integer.parseInt(Integer.java:580)
	at java.lang.Integer.<init>(Integer.java:867)
	at org.fusesource.jansi.AnsiOutputStream.write(AnsiOutputStream.java:120)
	at java.io.FilterOutputStream.write(FilterOutputStream.java:125)
	at java.io.PrintStream.write(PrintStream.java:480)
	at java.io.OutputStreamWriter.flushBuffer(OutputStreamWriter.java:185)
	at java.io.PrintStream.write(PrintStream.java:527)
	at java.io.PrintStream.print(PrintStream.java:669)
	at grails.build.logging.GrailsConsole.showPrompt(GrailsConsole.java:782)
	at grails.build.logging.GrailsConsole.showPrompt(GrailsConsole.java:805)
	at grails.build.logging.GrailsConsole.postPrintMessage(GrailsConsole.java:540)
	at grails.build.logging.GrailsConsole.error(GrailsConsole.java:918)
	at grails.build.logging.GrailsConsole.error(GrailsConsole.java:560)
	at org.apache.log4j.AppenderSkeleton.doAppend(AppenderSkeleton.java:251)
	at org.apache.log4j.helpers.AppenderAttachableImpl.appendLoopOnAppenders(AppenderAttachableImpl.java:66)
	at org.apache.log4j.Category.callAppenders(Category.java:206)
	at org.apache.log4j.Category.forcedLog(Category.java:391)
	at org.apache.log4j.Category.log(Category.java:856)
	at org.slf4j.impl.GrailsLog4jLoggerAdapter.logMessage(GrailsLog4jLoggerAdapter.java:192)
	at org.slf4j.impl.GrailsLog4jLoggerAdapter.error(GrailsLog4jLoggerAdapter.java:167)
	at org.apache.commons.logging.impl.SLF4JLog.error(SLF4JLog.java:213)
